This is pdfTeX, Version 3.141592653-2.6-1.40.25 (TeX Live 2023) (preloaded format=pdflatex 2023.8.4)  16 AUG 2023 18:39
entering extended mode
 restricted \write18 enabled.
 file:line:error style messages enabled.
 %&-line parsing enabled.
**/Users/hankyang/Documents/OptimalControlEstimation/_book/optimal-control-estimation.tex
(/Users/hankyang/Documents/OptimalControlEstimation/_book/optimal-control-estimation.tex
LaTeX2e <2022-11-01> patch level 1
L3 programming layer <2023-02-22> (/usr/local/texlive/2023/texmf-dist/tex/latex/base/book.cls
Document Class: book 2022/07/02 v1.4n Standard LaTeX document class
(/usr/local/texlive/2023/texmf-dist/tex/latex/base/bk10.clo
File: bk10.clo 2022/07/02 v1.4n Standard LaTeX file (size option)
)
\c@part=\count185
\c@chapter=\count186
\c@section=\count187
\c@subsection=\count188
\c@subsubsection=\count189
\c@paragraph=\count190
\c@subparagraph=\count191
\c@figure=\count192
\c@table=\count193
\abovecaptionskip=\skip48
\belowcaptionskip=\skip49
\bibindent=\dimen140
) (/usr/local/texlive/2023/texmf-dist/tex/latex/amsmath/amsmath.sty
Package: amsmath 2022/04/08 v2.17n AMS math features
\@mathmargin=\skip50

For additional information on amsmath, use the `?' option.
(/usr/local/texlive/2023/texmf-dist/tex/latex/amsmath/amstext.sty
Package: amstext 2021/08/26 v2.01 AMS text
 (/usr/local/texlive/2023/texmf-dist/tex/latex/amsmath/amsgen.sty
File: amsgen.sty 1999/11/30 v2.0 generic functions
\@emptytoks=\toks16
\ex@=\dimen141
)) (/usr/local/texlive/2023/texmf-dist/tex/latex/amsmath/amsbsy.sty
Package: amsbsy 1999/11/29 v1.2d Bold Symbols
\pmbraise@=\dimen142
) (/usr/local/texlive/2023/texmf-dist/tex/latex/amsmath/amsopn.sty
Package: amsopn 2022/04/08 v2.04 operator names
)
\inf@bad=\count194
LaTeX Info: Redefining \frac on input line 234.
\uproot@=\count195
\leftroot@=\count196
LaTeX Info: Redefining \overline on input line 399.
LaTeX Info: Redefining \colon on input line 410.
\classnum@=\count197
\DOTSCASE@=\count198
LaTeX Info: Redefining \ldots on input line 496.
LaTeX Info: Redefining \dots on input line 499.
LaTeX Info: Redefining \cdots on input line 620.
\Mathstrutbox@=\box51
\strutbox@=\box52
LaTeX Info: Redefining \big on input line 722.
LaTeX Info: Redefining \Big on input line 723.
LaTeX Info: Redefining \bigg on input line 724.
LaTeX Info: Redefining \Bigg on input line 725.
\big@size=\dimen143
LaTeX Font Info:    Redeclaring font encoding OML on input line 743.
LaTeX Font Info:    Redeclaring font encoding OMS on input line 744.
\macc@depth=\count199
LaTeX Info: Redefining \bmod on input line 905.
LaTeX Info: Redefining \pmod on input line 910.
LaTeX Info: Redefining \smash on input line 940.
LaTeX Info: Redefining \relbar on input line 970.
LaTeX Info: Redefining \Relbar on input line 971.
\c@MaxMatrixCols=\count266
\dotsspace@=\muskip16
\c@parentequation=\count267
\dspbrk@lvl=\count268
\tag@help=\toks17
\row@=\count269
\column@=\count270
\maxfields@=\count271
\andhelp@=\toks18
\eqnshift@=\dimen144
\alignsep@=\dimen145
\tagshift@=\dimen146
\tagwidth@=\dimen147
\totwidth@=\dimen148
\lineht@=\dimen149
\@envbody=\toks19
\multlinegap=\skip51
\multlinetaggap=\skip52
\mathdisplay@stack=\toks20
LaTeX Info: Redefining \[ on input line 2953.
LaTeX Info: Redefining \] on input line 2954.
) (/usr/local/texlive/2023/texmf-dist/tex/latex/amsfonts/amssymb.sty
Package: amssymb 2013/01/14 v3.01 AMS font symbols
 (/usr/local/texlive/2023/texmf-dist/tex/latex/amsfonts/amsfonts.sty
Package: amsfonts 2013/01/14 v3.01 Basic AMSFonts support
\symAMSa=\mathgroup4
\symAMSb=\mathgroup5
LaTeX Font Info:    Redeclaring math symbol \hbar on input line 98.
LaTeX Font Info:    Overwriting math alphabet `\mathfrak' in version `bold'
(Font)                  U/euf/m/n --> U/euf/b/n on input line 106.
)) (/usr/local/texlive/2023/texmf-dist/tex/generic/iftex/iftex.sty
Package: iftex 2022/02/03 v1.0f TeX engine tests
) (/usr/local/texlive/2023/texmf-dist/tex/latex/base/fontenc.sty
Package: fontenc 2021/04/29 v2.0v Standard LaTeX package
) (/usr/local/texlive/2023/texmf-dist/tex/latex/base/inputenc.sty
Package: inputenc 2021/02/14 v1.3d Input encoding file
\inpenc@prehook=\toks21
\inpenc@posthook=\toks22
) (/usr/local/texlive/2023/texmf-dist/tex/latex/base/textcomp.sty
Package: textcomp 2020/02/02 v2.0n Standard LaTeX package
) (/usr/local/texlive/2023/texmf-dist/tex/latex/lm/lmodern.sty
Package: lmodern 2015/05/01 v1.6.1 Latin Modern Fonts
LaTeX Font Info:    Overwriting symbol font `operators' in version `normal'
(Font)                  OT1/cmr/m/n --> OT1/lmr/m/n on input line 22.
LaTeX Font Info:    Overwriting symbol font `letters' in version `normal'
(Font)                  OML/cmm/m/it --> OML/lmm/m/it on input line 23.
LaTeX Font Info:    Overwriting symbol font `symbols' in version `normal'
(Font)                  OMS/cmsy/m/n --> OMS/lmsy/m/n on input line 24.
LaTeX Font Info:    Overwriting symbol font `largesymbols' in version `normal'
(Font)                  OMX/cmex/m/n --> OMX/lmex/m/n on input line 25.
LaTeX Font Info:    Overwriting symbol font `operators' in version `bold'
(Font)                  OT1/cmr/bx/n --> OT1/lmr/bx/n on input line 26.
LaTeX Font Info:    Overwriting symbol font `letters' in version `bold'
(Font)                  OML/cmm/b/it --> OML/lmm/b/it on input line 27.
LaTeX Font Info:    Overwriting symbol font `symbols' in version `bold'
(Font)                  OMS/cmsy/b/n --> OMS/lmsy/b/n on input line 28.
LaTeX Font Info:    Overwriting symbol font `largesymbols' in version `bold'
(Font)                  OMX/cmex/m/n --> OMX/lmex/m/n on input line 29.
LaTeX Font Info:    Overwriting math alphabet `\mathbf' in version `normal'
(Font)                  OT1/cmr/bx/n --> OT1/lmr/bx/n on input line 31.
LaTeX Font Info:    Overwriting math alphabet `\mathsf' in version `normal'
(Font)                  OT1/cmss/m/n --> OT1/lmss/m/n on input line 32.
LaTeX Font Info:    Overwriting math alphabet `\mathit' in version `normal'
(Font)                  OT1/cmr/m/it --> OT1/lmr/m/it on input line 33.
LaTeX Font Info:    Overwriting math alphabet `\mathtt' in version `normal'
(Font)                  OT1/cmtt/m/n --> OT1/lmtt/m/n on input line 34.
LaTeX Font Info:    Overwriting math alphabet `\mathbf' in version `bold'
(Font)                  OT1/cmr/bx/n --> OT1/lmr/bx/n on input line 35.
LaTeX Font Info:    Overwriting math alphabet `\mathsf' in version `bold'
(Font)                  OT1/cmss/bx/n --> OT1/lmss/bx/n on input line 36.
LaTeX Font Info:    Overwriting math alphabet `\mathit' in version `bold'
(Font)                  OT1/cmr/bx/it --> OT1/lmr/bx/it on input line 37.
LaTeX Font Info:    Overwriting math alphabet `\mathtt' in version `bold'
(Font)                  OT1/cmtt/m/n --> OT1/lmtt/m/n on input line 38.
) (/usr/local/texlive/2023/texmf-dist/tex/latex/upquote/upquote.sty
Package: upquote 2012/04/19 v1.3 upright-quote and grave-accent glyphs in verbatim
) (/usr/local/texlive/2023/texmf-dist/tex/latex/microtype/microtype.sty
Package: microtype 2023/03/13 v3.1a Micro-typographical refinements (RS)
 (/usr/local/texlive/2023/texmf-dist/tex/latex/graphics/keyval.sty
Package: keyval 2022/05/29 v1.15 key=value parser (DPC)
\KV@toks@=\toks23
) (/usr/local/texlive/2023/texmf-dist/tex/latex/etoolbox/etoolbox.sty
Package: etoolbox 2020/10/05 v2.5k e-TeX tools for LaTeX (JAW)
\etb@tempcnta=\count272
)
\MT@toks=\toks24
\MT@tempbox=\box53
\MT@count=\count273
LaTeX Info: Redefining \noprotrusionifhmode on input line 1059.
LaTeX Info: Redefining \leftprotrusion on input line 1060.
\MT@prot@toks=\toks25
LaTeX Info: Redefining \rightprotrusion on input line 1078.
LaTeX Info: Redefining \textls on input line 1368.
\MT@outer@kern=\dimen150
LaTeX Info: Redefining \textmicrotypecontext on input line 1988.
\MT@listname@count=\count274
 (/usr/local/texlive/2023/texmf-dist/tex/latex/microtype/microtype-pdftex.def
File: microtype-pdftex.def 2023/03/13 v3.1a Definitions specific to pdftex (RS)
LaTeX Info: Redefining \lsstyle on input line 902.
LaTeX Info: Redefining \lslig on input line 902.
\MT@outer@space=\skip53
)
Package microtype Info: Loading configuration file microtype.cfg.
 (/usr/local/texlive/2023/texmf-dist/tex/latex/microtype/microtype.cfg
File: microtype.cfg 2023/03/13 v3.1a microtype main configuration file (RS)
)) (/usr/local/texlive/2023/texmf-dist/tex/latex/parskip/parskip.sty
Package: parskip 2021-03-14 v2.0h non-zero parskip adjustments
 (/usr/local/texlive/2023/texmf-dist/tex/latex/kvoptions/kvoptions.sty
Package: kvoptions 2022-06-15 v3.15 Key value format for package options (HO)
 (/usr/local/texlive/2023/texmf-dist/tex/generic/ltxcmds/ltxcmds.sty
Package: ltxcmds 2020-05-10 v1.25 LaTeX kernel commands for general use (HO)
) (/usr/local/texlive/2023/texmf-dist/tex/latex/kvsetkeys/kvsetkeys.sty
Package: kvsetkeys 2022-10-05 v1.19 Key value parser (HO)
))) (/usr/local/texlive/2023/texmf-dist/tex/latex/xcolor/xcolor.sty
Package: xcolor 2022/06/12 v2.14 LaTeX color extensions (UK)
 (/usr/local/texlive/2023/texmf-dist/tex/latex/graphics-cfg/color.cfg
File: color.cfg 2016/01/02 v1.6 sample color configuration
)
Package xcolor Info: Driver file: pdftex.def on input line 227.
 (/usr/local/texlive/2023/texmf-dist/tex/latex/graphics-def/pdftex.def
File: pdftex.def 2022/09/22 v1.2b Graphics/color driver for pdftex
) (/usr/local/texlive/2023/texmf-dist/tex/latex/graphics/mathcolor.ltx)
Package xcolor Info: Model `cmy' substituted by `cmy0' on input line 1353.
Package xcolor Info: Model `hsb' substituted by `rgb' on input line 1357.
Package xcolor Info: Model `RGB' extended on input line 1369.
Package xcolor Info: Model `HTML' substituted by `rgb' on input line 1371.
Package xcolor Info: Model `Hsb' substituted by `hsb' on input line 1372.
Package xcolor Info: Model `tHsb' substituted by `hsb' on input line 1373.
Package xcolor Info: Model `HSB' substituted by `hsb' on input line 1374.
Package xcolor Info: Model `Gray' substituted by `gray' on input line 1375.
Package xcolor Info: Model `wave' substituted by `hsb' on input line 1376.
) (/usr/local/texlive/2023/texmf-dist/tex/latex/tools/longtable.sty
Package: longtable 2021-09-01 v4.17 Multi-page Table package (DPC)
\LTleft=\skip54
\LTright=\skip55
\LTpre=\skip56
\LTpost=\skip57
\LTchunksize=\count275
\LTcapwidth=\dimen151
\LT@head=\box54
\LT@firsthead=\box55
\LT@foot=\box56
\LT@lastfoot=\box57
\LT@gbox=\box58
\LT@cols=\count276
\LT@rows=\count277
\c@LT@tables=\count278
\c@LT@chunks=\count279
\LT@p@ftn=\toks26
) (/usr/local/texlive/2023/texmf-dist/tex/latex/booktabs/booktabs.sty
Package: booktabs 2020/01/12 v1.61803398 Publication quality tables
\heavyrulewidth=\dimen152
\lightrulewidth=\dimen153
\cmidrulewidth=\dimen154
\belowrulesep=\dimen155
\belowbottomsep=\dimen156
\aboverulesep=\dimen157
\abovetopsep=\dimen158
\cmidrulesep=\dimen159
\cmidrulekern=\dimen160
\defaultaddspace=\dimen161
\@cmidla=\count280
\@cmidlb=\count281
\@aboverulesep=\dimen162
\@belowrulesep=\dimen163
\@thisruleclass=\count282
\@lastruleclass=\count283
\@thisrulewidth=\dimen164
) (/usr/local/texlive/2023/texmf-dist/tex/latex/tools/array.sty
Package: array 2022/09/04 v2.5g Tabular extension package (FMi)
\col@sep=\dimen165
\ar@mcellbox=\box59
\extrarowheight=\dimen166
\NC@list=\toks27
\extratabsurround=\skip58
\backup@length=\skip59
\ar@cellbox=\box60
) (/usr/local/texlive/2023/texmf-dist/tex/latex/tools/calc.sty
Package: calc 2017/05/25 v4.3 Infix arithmetic (KKT,FJ)
\calc@Acount=\count284
\calc@Bcount=\count285
\calc@Adimen=\dimen167
\calc@Bdimen=\dimen168
\calc@Askip=\skip60
\calc@Bskip=\skip61
LaTeX Info: Redefining \setlength on input line 80.
LaTeX Info: Redefining \addtolength on input line 81.
\calc@Ccount=\count286
\calc@Cskip=\skip62
) (/usr/local/texlive/2023/texmf-dist/tex/latex/footnotehyper/footnotehyper.sty
Package: footnotehyper 2021/08/13 v1.1e hyperref aware footnote.sty (JFB)
\FNH@notes=\box61
\FNH@width=\dimen169
\FNH@toks=\toks28
) (/usr/local/texlive/2023/texmf-dist/tex/latex/graphics/graphicx.sty
Package: graphicx 2021/09/16 v1.2d Enhanced LaTeX Graphics (DPC,SPQR)
 (/usr/local/texlive/2023/texmf-dist/tex/latex/graphics/graphics.sty
Package: graphics 2022/03/10 v1.4e Standard LaTeX Graphics (DPC,SPQR)
 (/usr/local/texlive/2023/texmf-dist/tex/latex/graphics/trig.sty
Package: trig 2021/08/11 v1.11 sin cos tan (DPC)
) (/usr/local/texlive/2023/texmf-dist/tex/latex/graphics-cfg/graphics.cfg
File: graphics.cfg 2016/06/04 v1.11 sample graphics configuration
)
Package graphics Info: Driver file: pdftex.def on input line 107.
)
\Gin@req@height=\dimen170
\Gin@req@width=\dimen171
) (/usr/local/texlive/2023/texmf-dist/tex/latex/amscls/amsthm.sty
Package: amsthm 2020/05/29 v2.20.6
\thm@style=\toks29
\thm@bodyfont=\toks30
\thm@headfont=\toks31
\thm@notefont=\toks32
\thm@headpunct=\toks33
\thm@preskip=\skip63
\thm@postskip=\skip64
\thm@headsep=\skip65
\dth@everypar=\toks34
) (/usr/local/texlive/2023/texmf-dist/tex/latex/hyperref/hyperref.sty
Package: hyperref 2023-02-07 v7.00v Hypertext links for LaTeX
 (/usr/local/texlive/2023/texmf-dist/tex/generic/pdftexcmds/pdftexcmds.sty
Package: pdftexcmds 2020-06-27 v0.33 Utility functions of pdfTeX for LuaTeX (HO)
 (/usr/local/texlive/2023/texmf-dist/tex/generic/infwarerr/infwarerr.sty
Package: infwarerr 2019/12/03 v1.5 Providing info/warning/error messages (HO)
)
Package pdftexcmds Info: \pdf@primitive is available.
Package pdftexcmds Info: \pdf@ifprimitive is available.
Package pdftexcmds Info: \pdfdraftmode found.
) (/usr/local/texlive/2023/texmf-dist/tex/generic/kvdefinekeys/kvdefinekeys.sty
Package: kvdefinekeys 2019-12-19 v1.6 Define keys (HO)
) (/usr/local/texlive/2023/texmf-dist/tex/generic/pdfescape/pdfescape.sty
Package: pdfescape 2019/12/09 v1.15 Implements pdfTeX's escape features (HO)
) (/usr/local/texlive/2023/texmf-dist/tex/latex/hycolor/hycolor.sty
Package: hycolor 2020-01-27 v1.10 Color options for hyperref/bookmark (HO)
) (/usr/local/texlive/2023/texmf-dist/tex/latex/letltxmacro/letltxmacro.sty
Package: letltxmacro 2019/12/03 v1.6 Let assignment for LaTeX macros (HO)
) (/usr/local/texlive/2023/texmf-dist/tex/latex/auxhook/auxhook.sty
Package: auxhook 2019-12-17 v1.6 Hooks for auxiliary files (HO)
) (/usr/local/texlive/2023/texmf-dist/tex/latex/hyperref/nameref.sty
Package: nameref 2022-05-17 v2.50 Cross-referencing by name of section
 (/usr/local/texlive/2023/texmf-dist/tex/latex/refcount/refcount.sty
Package: refcount 2019/12/15 v3.6 Data extraction from label references (HO)
) (/usr/local/texlive/2023/texmf-dist/tex/generic/gettitlestring/gettitlestring.sty
Package: gettitlestring 2019/12/15 v1.6 Cleanup title references (HO)
)
\c@section@level=\count287
)
\@linkdim=\dimen172
\Hy@linkcounter=\count288
\Hy@pagecounter=\count289
 (/usr/local/texlive/2023/texmf-dist/tex/latex/hyperref/pd1enc.def
File: pd1enc.def 2023-02-07 v7.00v Hyperref: PDFDocEncoding definition (HO)
Now handling font encoding PD1 ...
... no UTF-8 mapping file for font encoding PD1
) (/usr/local/texlive/2023/texmf-dist/tex/generic/intcalc/intcalc.sty
Package: intcalc 2019/12/15 v1.3 Expandable calculations with integers (HO)
) (/usr/local/texlive/2023/texmf-dist/tex/generic/etexcmds/etexcmds.sty
Package: etexcmds 2019/12/15 v1.7 Avoid name clashes with e-TeX commands (HO)
)
\Hy@SavedSpaceFactor=\count290
 (/usr/local/texlive/2023/texmf-dist/tex/latex/hyperref/puenc.def
File: puenc.def 2023-02-07 v7.00v Hyperref: PDF Unicode definition (HO)
Now handling font encoding PU ...
... no UTF-8 mapping file for font encoding PU
)
Package hyperref Info: Option `unicode' set `true' on input line 4060.
Package hyperref Info: Option `breaklinks' set `true' on input line 4060.


Package hyperref Warning: Option `letterpaper' is no longer used.

Package hyperref Info: Option `colorlinks' set `true' on input line 4060.
Package hyperref Info: Option `bookmarks' set `false' on input line 4060.
Package hyperref Info: Hyper figures OFF on input line 4177.
Package hyperref Info: Link nesting OFF on input line 4182.
Package hyperref Info: Hyper index ON on input line 4185.
Package hyperref Info: Plain pages OFF on input line 4192.
Package hyperref Info: Backreferencing OFF on input line 4197.
Package hyperref Info: Implicit mode ON; LaTeX internals redefined.
Package hyperref Info: Bookmarks OFF on input line 4431.
\c@Hy@tempcnt=\count291
(/usr/local/texlive/2023/texmf-dist/tex/latex/url/url.sty
\Urlmuskip=\muskip17
Package: url 2013/09/16  ver 3.4  Verb mode for urls, etc.
)
LaTeX Info: Redefining \url on input line 4763.
\XeTeXLinkMargin=\dimen173
 (/usr/local/texlive/2023/texmf-dist/tex/generic/bitset/bitset.sty
Package: bitset 2019/12/09 v1.3 Handle bit-vector datatype (HO)
 (/usr/local/texlive/2023/texmf-dist/tex/generic/bigintcalc/bigintcalc.sty
Package: bigintcalc 2019/12/15 v1.5 Expandable calculations on big integers (HO)
))
\Fld@menulength=\count292
\Field@Width=\dimen174
\Fld@charsize=\dimen175
Package hyperref Info: Hyper figures OFF on input line 6042.
Package hyperref Info: Link nesting OFF on input line 6047.
Package hyperref Info: Hyper index ON on input line 6050.
Package hyperref Info: backreferencing OFF on input line 6057.
Package hyperref Info: Link coloring ON on input line 6060.
Package hyperref Info: Link coloring with OCG OFF on input line 6067.
Package hyperref Info: PDF/A mode OFF on input line 6072.
 (/usr/local/texlive/2023/texmf-dist/tex/latex/base/atbegshi-ltx.sty
Package: atbegshi-ltx 2021/01/10 v1.0c Emulation of the original atbegshi
package with kernel methods
)
\Hy@abspage=\count293
\c@Item=\count294
\c@Hfootnote=\count295
)
Package hyperref Info: Driver (autodetected): hpdftex.
 (/usr/local/texlive/2023/texmf-dist/tex/latex/hyperref/hpdftex.def
File: hpdftex.def 2023-02-07 v7.00v Hyperref driver for pdfTeX
 (/usr/local/texlive/2023/texmf-dist/tex/latex/base/atveryend-ltx.sty
Package: atveryend-ltx 2020/08/19 v1.0a Emulation of the original atveryend package
with kernel methods
)
\Fld@listcount=\count296
\c@bookmark@seq@number=\count297
 (/usr/local/texlive/2023/texmf-dist/tex/latex/rerunfilecheck/rerunfilecheck.sty
Package: rerunfilecheck 2022-07-10 v1.10 Rerun checks for auxiliary files (HO)
 (/usr/local/texlive/2023/texmf-dist/tex/generic/uniquecounter/uniquecounter.sty
Package: uniquecounter 2019/12/15 v1.4 Provide unlimited unique counter (HO)
)
Package uniquecounter Info: New unique counter `rerunfilecheck' on input line 285.
)
\Hy@SectionHShift=\skip66
) (/usr/local/texlive/2023/texmf-dist/tex/latex/tcolorbox/tcolorbox.sty
Package: tcolorbox 2023/02/12 version 6.0.1 text color boxes
 (/usr/local/texlive/2023/texmf-dist/tex/latex/pgf/basiclayer/pgf.sty (/usr/local/texlive/2023/texmf-dist/tex/latex/pgf/utilities/pgfrcs.sty (/usr/local/texlive/2023/texmf-dist/tex/generic/pgf/utilities/pgfutil-common.tex
\pgfutil@everybye=\toks35
\pgfutil@tempdima=\dimen176
\pgfutil@tempdimb=\dimen177
) (/usr/local/texlive/2023/texmf-dist/tex/generic/pgf/utilities/pgfutil-latex.def
\pgfutil@abb=\box62
) (/usr/local/texlive/2023/texmf-dist/tex/generic/pgf/utilities/pgfrcs.code.tex (/usr/local/texlive/2023/texmf-dist/tex/generic/pgf/pgf.revision.tex)
Package: pgfrcs 2023-01-15 v3.1.10 (3.1.10)
))
Package: pgf 2023-01-15 v3.1.10 (3.1.10)
 (/usr/local/texlive/2023/texmf-dist/tex/latex/pgf/basiclayer/pgfcore.sty (/usr/local/texlive/2023/texmf-dist/tex/latex/pgf/systemlayer/pgfsys.sty (/usr/local/texlive/2023/texmf-dist/tex/generic/pgf/systemlayer/pgfsys.code.tex
Package: pgfsys 2023-01-15 v3.1.10 (3.1.10)
 (/usr/local/texlive/2023/texmf-dist/tex/generic/pgf/utilities/pgfkeys.code.tex
\pgfkeys@pathtoks=\toks36
\pgfkeys@temptoks=\toks37
 (/usr/local/texlive/2023/texmf-dist/tex/generic/pgf/utilities/pgfkeyslibraryfiltered.code.tex
\pgfkeys@tmptoks=\toks38
))
\pgf@x=\dimen178
\pgf@y=\dimen179
\pgf@xa=\dimen180
\pgf@ya=\dimen181
\pgf@xb=\dimen182
\pgf@yb=\dimen183
\pgf@xc=\dimen184
\pgf@yc=\dimen185
\pgf@xd=\dimen186
\pgf@yd=\dimen187
\w@pgf@writea=\write3
\r@pgf@reada=\read2
\c@pgf@counta=\count298
\c@pgf@countb=\count299
\c@pgf@countc=\count300
\c@pgf@countd=\count301
\t@pgf@toka=\toks39
\t@pgf@tokb=\toks40
\t@pgf@tokc=\toks41
\pgf@sys@id@count=\count302
 (/usr/local/texlive/2023/texmf-dist/tex/generic/pgf/systemlayer/pgf.cfg
File: pgf.cfg 2023-01-15 v3.1.10 (3.1.10)
)
Driver file for pgf: pgfsys-pdftex.def
 (/usr/local/texlive/2023/texmf-dist/tex/generic/pgf/systemlayer/pgfsys-pdftex.def
File: pgfsys-pdftex.def 2023-01-15 v3.1.10 (3.1.10)
 (/usr/local/texlive/2023/texmf-dist/tex/generic/pgf/systemlayer/pgfsys-common-pdf.def
File: pgfsys-common-pdf.def 2023-01-15 v3.1.10 (3.1.10)
))) (/usr/local/texlive/2023/texmf-dist/tex/generic/pgf/systemlayer/pgfsyssoftpath.code.tex
File: pgfsyssoftpath.code.tex 2023-01-15 v3.1.10 (3.1.10)
\pgfsyssoftpath@smallbuffer@items=\count303
\pgfsyssoftpath@bigbuffer@items=\count304
) (/usr/local/texlive/2023/texmf-dist/tex/generic/pgf/systemlayer/pgfsysprotocol.code.tex
File: pgfsysprotocol.code.tex 2023-01-15 v3.1.10 (3.1.10)
)) (/usr/local/texlive/2023/texmf-dist/tex/generic/pgf/basiclayer/pgfcore.code.tex
Package: pgfcore 2023-01-15 v3.1.10 (3.1.10)
 (/usr/local/texlive/2023/texmf-dist/tex/generic/pgf/math/pgfmath.code.tex (/usr/local/texlive/2023/texmf-dist/tex/generic/pgf/math/pgfmathutil.code.tex) (/usr/local/texlive/2023/texmf-dist/tex/generic/pgf/math/pgfmathparser.code.tex
\pgfmath@dimen=\dimen188
\pgfmath@count=\count305
\pgfmath@box=\box63
\pgfmath@toks=\toks42
\pgfmath@stack@operand=\toks43
\pgfmath@stack@operation=\toks44
) (/usr/local/texlive/2023/texmf-dist/tex/generic/pgf/math/pgfmathfunctions.code.tex) (/usr/local/texlive/2023/texmf-dist/tex/generic/pgf/math/pgfmathfunctions.basic.code.tex) (/usr/local/texlive/2023/texmf-dist/tex/generic/pgf/math/pgfmathfunctions.trigonometric.code.tex) (/usr/local/texlive/2023/texmf-dist/tex/generic/pgf/math/pgfmathfunctions.random.code.tex) (/usr/local/texlive/2023/texmf-dist/tex/generic/pgf/math/pgfmathfunctions.comparison.code.tex) (/usr/local/texlive/2023/texmf-dist/tex/generic/pgf/math/pgfmathfunctions.base.code.tex) (/usr/local/texlive/2023/texmf-dist/tex/generic/pgf/math/pgfmathfunctions.round.code.tex) (/usr/local/texlive/2023/texmf-dist/tex/generic/pgf/math/pgfmathfunctions.misc.code.tex) (/usr/local/texlive/2023/texmf-dist/tex/generic/pgf/math/pgfmathfunctions.integerarithmetics.code.tex) (/usr/local/texlive/2023/texmf-dist/tex/generic/pgf/math/pgfmathcalc.code.tex) (/usr/local/texlive/2023/texmf-dist/tex/generic/pgf/math/pgfmathfloat.code.tex
\c@pgfmathroundto@lastzeros=\count306
)) (/usr/local/texlive/2023/texmf-dist/tex/generic/pgf/math/pgfint.code.tex) (/usr/local/texlive/2023/texmf-dist/tex/generic/pgf/basiclayer/pgfcorepoints.code.tex
File: pgfcorepoints.code.tex 2023-01-15 v3.1.10 (3.1.10)
\pgf@picminx=\dimen189
\pgf@picmaxx=\dimen190
\pgf@picminy=\dimen191
\pgf@picmaxy=\dimen192
\pgf@pathminx=\dimen193
\pgf@pathmaxx=\dimen194
\pgf@pathminy=\dimen195
\pgf@pathmaxy=\dimen196
\pgf@xx=\dimen197
\pgf@xy=\dimen198
\pgf@yx=\dimen199
\pgf@yy=\dimen256
\pgf@zx=\dimen257
\pgf@zy=\dimen258
) (/usr/local/texlive/2023/texmf-dist/tex/generic/pgf/basiclayer/pgfcorepathconstruct.code.tex
File: pgfcorepathconstruct.code.tex 2023-01-15 v3.1.10 (3.1.10)
\pgf@path@lastx=\dimen259
\pgf@path@lasty=\dimen260
) (/usr/local/texlive/2023/texmf-dist/tex/generic/pgf/basiclayer/pgfcorepathusage.code.tex
File: pgfcorepathusage.code.tex 2023-01-15 v3.1.10 (3.1.10)
\pgf@shorten@end@additional=\dimen261
\pgf@shorten@start@additional=\dimen262
) (/usr/local/texlive/2023/texmf-dist/tex/generic/pgf/basiclayer/pgfcorescopes.code.tex
File: pgfcorescopes.code.tex 2023-01-15 v3.1.10 (3.1.10)
\pgfpic=\box64
\pgf@hbox=\box65
\pgf@layerbox@main=\box66
\pgf@picture@serial@count=\count307
) (/usr/local/texlive/2023/texmf-dist/tex/generic/pgf/basiclayer/pgfcoregraphicstate.code.tex
File: pgfcoregraphicstate.code.tex 2023-01-15 v3.1.10 (3.1.10)
\pgflinewidth=\dimen263
) (/usr/local/texlive/2023/texmf-dist/tex/generic/pgf/basiclayer/pgfcoretransformations.code.tex
File: pgfcoretransformations.code.tex 2023-01-15 v3.1.10 (3.1.10)
\pgf@pt@x=\dimen264
\pgf@pt@y=\dimen265
\pgf@pt@temp=\dimen266
) (/usr/local/texlive/2023/texmf-dist/tex/generic/pgf/basiclayer/pgfcorequick.code.tex
File: pgfcorequick.code.tex 2023-01-15 v3.1.10 (3.1.10)
) (/usr/local/texlive/2023/texmf-dist/tex/generic/pgf/basiclayer/pgfcoreobjects.code.tex
File: pgfcoreobjects.code.tex 2023-01-15 v3.1.10 (3.1.10)
) (/usr/local/texlive/2023/texmf-dist/tex/generic/pgf/basiclayer/pgfcorepathprocessing.code.tex
File: pgfcorepathprocessing.code.tex 2023-01-15 v3.1.10 (3.1.10)
) (/usr/local/texlive/2023/texmf-dist/tex/generic/pgf/basiclayer/pgfcorearrows.code.tex
File: pgfcorearrows.code.tex 2023-01-15 v3.1.10 (3.1.10)
\pgfarrowsep=\dimen267
) (/usr/local/texlive/2023/texmf-dist/tex/generic/pgf/basiclayer/pgfcoreshade.code.tex
File: pgfcoreshade.code.tex 2023-01-15 v3.1.10 (3.1.10)
\pgf@max=\dimen268
\pgf@sys@shading@range@num=\count308
\pgf@shadingcount=\count309
) (/usr/local/texlive/2023/texmf-dist/tex/generic/pgf/basiclayer/pgfcoreimage.code.tex
File: pgfcoreimage.code.tex 2023-01-15 v3.1.10 (3.1.10)
) (/usr/local/texlive/2023/texmf-dist/tex/generic/pgf/basiclayer/pgfcoreexternal.code.tex
File: pgfcoreexternal.code.tex 2023-01-15 v3.1.10 (3.1.10)
\pgfexternal@startupbox=\box67
) (/usr/local/texlive/2023/texmf-dist/tex/generic/pgf/basiclayer/pgfcorelayers.code.tex
File: pgfcorelayers.code.tex 2023-01-15 v3.1.10 (3.1.10)
) (/usr/local/texlive/2023/texmf-dist/tex/generic/pgf/basiclayer/pgfcoretransparency.code.tex
File: pgfcoretransparency.code.tex 2023-01-15 v3.1.10 (3.1.10)
) (/usr/local/texlive/2023/texmf-dist/tex/generic/pgf/basiclayer/pgfcorepatterns.code.tex
File: pgfcorepatterns.code.tex 2023-01-15 v3.1.10 (3.1.10)
) (/usr/local/texlive/2023/texmf-dist/tex/generic/pgf/basiclayer/pgfcorerdf.code.tex
File: pgfcorerdf.code.tex 2023-01-15 v3.1.10 (3.1.10)
))) (/usr/local/texlive/2023/texmf-dist/tex/generic/pgf/modules/pgfmoduleshapes.code.tex
File: pgfmoduleshapes.code.tex 2023-01-15 v3.1.10 (3.1.10)
\pgfnodeparttextbox=\box68
) (/usr/local/texlive/2023/texmf-dist/tex/generic/pgf/modules/pgfmoduleplot.code.tex
File: pgfmoduleplot.code.tex 2023-01-15 v3.1.10 (3.1.10)
) (/usr/local/texlive/2023/texmf-dist/tex/latex/pgf/compatibility/pgfcomp-version-0-65.sty
Package: pgfcomp-version-0-65 2023-01-15 v3.1.10 (3.1.10)
\pgf@nodesepstart=\dimen269
\pgf@nodesepend=\dimen270
) (/usr/local/texlive/2023/texmf-dist/tex/latex/pgf/compatibility/pgfcomp-version-1-18.sty
Package: pgfcomp-version-1-18 2023-01-15 v3.1.10 (3.1.10)
)) (/usr/local/texlive/2023/texmf-dist/tex/latex/tools/verbatim.sty
Package: verbatim 2022-07-02 v1.5u LaTeX2e package for verbatim enhancements
\every@verbatim=\toks45
\verbatim@line=\toks46
\verbatim@in@stream=\read3
) (/usr/local/texlive/2023/texmf-dist/tex/latex/environ/environ.sty
Package: environ 2014/05/04 v0.3 A new way to define environments
 (/usr/local/texlive/2023/texmf-dist/tex/latex/trimspaces/trimspaces.sty
Package: trimspaces 2009/09/17 v1.1 Trim spaces around a token list
))
\tcb@titlebox=\box69
\tcb@upperbox=\box70
\tcb@lowerbox=\box71
\tcb@phantombox=\box72
\c@tcbbreakpart=\count310
\c@tcblayer=\count311
\c@tcolorbox@number=\count312
\tcb@temp=\box73
\tcb@temp=\box74
\tcb@temp=\box75
\tcb@temp=\box76
) (/usr/local/texlive/2023/texmf-dist/tex/latex/framed/framed.sty
Package: framed 2011/10/22 v 0.96: framed or shaded text with page breaks
\OuterFrameSep=\skip67
\fb@frw=\dimen271
\fb@frh=\dimen272
\FrameRule=\dimen273
\FrameSep=\dimen274
) (/usr/local/texlive/2023/texmf-dist/tex/latex/natbib/natbib.sty
Package: natbib 2010/09/13 8.31b (PWD, AO)
\bibhang=\skip68
\bibsep=\skip69
LaTeX Info: Redefining \cite on input line 694.
\c@NAT@ctr=\count313
) (/usr/local/texlive/2023/texmf-dist/tex/latex/bookmark/bookmark.sty
Package: bookmark 2020-11-06 v1.29 PDF bookmarks (HO)
 (/usr/local/texlive/2023/texmf-dist/tex/latex/bookmark/bkm-pdftex.def
File: bkm-pdftex.def 2020-11-06 v1.29 bookmark driver for pdfTeX (HO)
\BKM@id=\count314
)) (/usr/local/texlive/2023/texmf-dist/tex/latex/xurl/xurl.sty
Package: xurl 2022/01/09 v 0.10 modify URL breaks
)
\c@theorem=\count315
\c@lemma=\count316
\c@corollary=\count317
\c@proposition=\count318
\c@conjecture=\count319
\c@definition=\count320
\c@example=\count321
\c@exercise=\count322
\c@hypothesis=\count323
LaTeX Font Info:    Trying to load font information for T1+lmr on input line 136.
 (/usr/local/texlive/2023/texmf-dist/tex/latex/lm/t1lmr.fd
File: t1lmr.fd 2015/05/01 v1.6.1 Font defs for Latin Modern
) (/usr/local/texlive/2023/texmf-dist/tex/latex/l3backend/l3backend-pdftex.def
File: l3backend-pdftex.def 2023-01-16 L3 backend support: PDF output (pdfTeX)
\l__color_backend_stack_int=\count324
\l__pdf_internal_box=\box77
) (./optimal-control-estimation.aux)
\openout1 = `optimal-control-estimation.aux'.

LaTeX Font Info:    Checking defaults for OML/cmm/m/it on input line 136.
LaTeX Font Info:    ... okay on input line 136.
LaTeX Font Info:    Checking defaults for OMS/cmsy/m/n on input line 136.
LaTeX Font Info:    ... okay on input line 136.
LaTeX Font Info:    Checking defaults for OT1/cmr/m/n on input line 136.
LaTeX Font Info:    ... okay on input line 136.
LaTeX Font Info:    Checking defaults for T1/cmr/m/n on input line 136.
LaTeX Font Info:    ... okay on input line 136.
LaTeX Font Info:    Checking defaults for TS1/cmr/m/n on input line 136.
LaTeX Font Info:    ... okay on input line 136.
LaTeX Font Info:    Checking defaults for OMX/cmex/m/n on input line 136.
LaTeX Font Info:    ... okay on input line 136.
LaTeX Font Info:    Checking defaults for U/cmr/m/n on input line 136.
LaTeX Font Info:    ... okay on input line 136.
LaTeX Font Info:    Checking defaults for PD1/pdf/m/n on input line 136.
LaTeX Font Info:    ... okay on input line 136.
LaTeX Font Info:    Checking defaults for PU/pdf/m/n on input line 136.
LaTeX Font Info:    ... okay on input line 136.
LaTeX Info: Redefining \microtypecontext on input line 136.
Package microtype Info: Applying patch `item' on input line 136.
Package microtype Info: Applying patch `toc' on input line 136.
Package microtype Info: Applying patch `eqnum' on input line 136.
Package microtype Info: Applying patch `footnote' on input line 136.
Package microtype Info: Applying patch `verbatim' on input line 136.
Package microtype Info: Generating PDF output.
Package microtype Info: Character protrusion enabled (level 2).
Package microtype Info: Using protrusion set `basicmath'.
Package microtype Info: Automatic font expansion enabled (level 2),
(microtype)             stretch: 20, shrink: 20, step: 1, non-selected.
Package microtype Info: Using default expansion set `alltext-nott'.
LaTeX Info: Redefining \showhyphens on input line 136.
Package microtype Info: No adjustment of tracking.
Package microtype Info: No adjustment of interword spacing.
Package microtype Info: No adjustment of character kerning.
 (/usr/local/texlive/2023/texmf-dist/tex/latex/microtype/mt-cmr.cfg
File: mt-cmr.cfg 2013/05/19 v2.2 microtype config. file: Computer Modern Roman (RS)
) (/usr/local/texlive/2023/texmf-dist/tex/context/base/mkii/supp-pdf.mkii
[Loading MPS to PDF converter (version 2006.09.02).]
\scratchcounter=\count325
\scratchdimen=\dimen275
\scratchbox=\box78
\nofMPsegments=\count326
\nofMParguments=\count327
\everyMPshowfont=\toks47
\MPscratchCnt=\count328
\MPscratchDim=\dimen276
\MPnumerator=\count329
\makeMPintoPDFobject=\count330
\everyMPtoPDFconversion=\toks48
) (/usr/local/texlive/2023/texmf-dist/tex/latex/epstopdf-pkg/epstopdf-base.sty
Package: epstopdf-base 2020-01-24 v2.11 Base part for package epstopdf
Package epstopdf-base Info: Redefining graphics rule for `.eps' on input line 485.
 (/usr/local/texlive/2023/texmf-dist/tex/latex/latexconfig/epstopdf-sys.cfg
File: epstopdf-sys.cfg 2010/07/13 v1.3 Configuration of (r)epstopdf for TeX Live
))
Package hyperref Info: Link coloring OFF on input line 136.
LaTeX Font Info:    Trying to load font information for OT1+lmr on input line 138.
 (/usr/local/texlive/2023/texmf-dist/tex/latex/lm/ot1lmr.fd
File: ot1lmr.fd 2015/05/01 v1.6.1 Font defs for Latin Modern
)
LaTeX Font Info:    Trying to load font information for OML+lmm on input line 138.
 (/usr/local/texlive/2023/texmf-dist/tex/latex/lm/omllmm.fd
File: omllmm.fd 2015/05/01 v1.6.1 Font defs for Latin Modern
)
LaTeX Font Info:    Trying to load font information for OMS+lmsy on input line 138.
 (/usr/local/texlive/2023/texmf-dist/tex/latex/lm/omslmsy.fd
File: omslmsy.fd 2015/05/01 v1.6.1 Font defs for Latin Modern
)
LaTeX Font Info:    Trying to load font information for OMX+lmex on input line 138.
 (/usr/local/texlive/2023/texmf-dist/tex/latex/lm/omxlmex.fd
File: omxlmex.fd 2015/05/01 v1.6.1 Font defs for Latin Modern
)
LaTeX Font Info:    External font `lmex10' loaded for size
(Font)              <12> on input line 138.
LaTeX Font Info:    External font `lmex10' loaded for size
(Font)              <8> on input line 138.
LaTeX Font Info:    External font `lmex10' loaded for size
(Font)              <6> on input line 138.
LaTeX Font Info:    Trying to load font information for U+msa on input line 138.
 (/usr/local/texlive/2023/texmf-dist/tex/latex/amsfonts/umsa.fd
File: umsa.fd 2013/01/14 v3.01 AMS symbols A
) (/usr/local/texlive/2023/texmf-dist/tex/latex/microtype/mt-msa.cfg
File: mt-msa.cfg 2006/02/04 v1.1 microtype config. file: AMS symbols (a) (RS)
)
LaTeX Font Info:    Trying to load font information for U+msb on input line 138.
 (/usr/local/texlive/2023/texmf-dist/tex/latex/amsfonts/umsb.fd
File: umsb.fd 2013/01/14 v3.01 AMS symbols B
) (/usr/local/texlive/2023/texmf-dist/tex/latex/microtype/mt-msb.cfg
File: mt-msb.cfg 2005/06/01 v1.0 microtype config. file: AMS symbols (b) (RS)
) [1


{/usr/local/texlive/2023/texmf-var/fonts/map/pdftex/updmap/pdftex.map}{/usr/local/texlive/2023/texmf-dist/fonts/enc/dvips/lm/lm-ec.enc}] [2

]
No file optimal-control-estimation.toc.
\tf@toc=\write4
\openout4 = `optimal-control-estimation.toc'.

[3] [4

] [5] [6

]
Chapter 1.
LaTeX Font Info:    External font `lmex10' loaded for size
(Font)              <10> on input line 174.
LaTeX Font Info:    External font `lmex10' loaded for size
(Font)              <7> on input line 174.
LaTeX Font Info:    External font `lmex10' loaded for size
(Font)              <5> on input line 174.
LaTeX Font Info:    Trying to load font information for TS1+lmr on input line 182.
(/usr/local/texlive/2023/texmf-dist/tex/latex/lm/ts1lmr.fd
File: ts1lmr.fd 2015/05/01 v1.6.1 Font defs for Latin Modern
)

LaTeX Warning: Reference `eq:discrete-time-dynamics' on page 7 undefined on input line 196.

[7{/usr/local/texlive/2023/texmf-dist/fonts/enc/dvips/lm/lm-mathit.enc}{/usr/local/texlive/2023/texmf-dist/fonts/enc/dvips/lm/lm-rm.enc}{/usr/local/texlive/2023/texmf-dist/fonts/enc/dvips/lm/lm-mathsy.enc}{/usr/local/texlive/2023/texmf-dist/fonts/enc/dvips/lm/lm-ts1.enc}]

LaTeX Warning: Reference `eq:closed-loop-state-trajectory' on page 8 undefined on input line 217.


LaTeX Warning: Reference `eq:additive-cost' on page 8 undefined on input line 217.


LaTeX Warning: Reference `eq:expected-cost' on page 8 undefined on input line 225.


LaTeX Warning: Reference `def:basicproblem' on page 8 undefined on input line 234.


Package natbib Warning: Citation `bertsekas12book-dpocI' on page 8 undefined on input line 238.


Package natbib Warning: Citation `bertsekas12book-dpocI' on page 8 undefined on input line 240.

[8{/usr/local/texlive/2023/texmf-dist/fonts/enc/dvips/lm/lm-mathex.enc}]

LaTeX Warning: Reference `def:basicproblem' on page 9 undefined on input line 246.


LaTeX Warning: Reference `def:basicproblem' on page 9 undefined on input line 249.


LaTeX Warning: Reference `thm:bellmanoptimality' on page 9 undefined on input line 258.


LaTeX Warning: Reference `def:basicproblem' on page 9 undefined on input line 258.


LaTeX Warning: Reference `def:basicproblem' on page 9 undefined on input line 263.


Overfull \hbox (40.36504pt too wide) detected at line 268
[]
 []

[9]

LaTeX Warning: Reference `eq:dpbackwardrecursion' on page 10 undefined on input line 269.


Underfull \hbox (badness 1902) in paragraph at lines 273--274
[]\T1/lmr/m/n/10 (+20) For any ad-mis-si-ble pol-icy $\OML/lmm/m/it/10 ^^Y \OT1/lmr/m/n/10 (+20) = \OMS/lmsy/m/n/10 f\OML/lmm/m/it/10 ^^V[]; [] ; ^^V[]\OMS/lmsy/m/n/10 g$\T1/lmr/m/n/10 (+20) , de-note $\OML/lmm/m/it/10 ^^Y[] \OT1/lmr/m/n/10 (+20) =
 []


Underfull \hbox (badness 1383) in paragraph at lines 273--274
\OMS/lmsy/m/n/10 f\OML/lmm/m/it/10 ^^V[]; [] ; ^^V[]\OMS/lmsy/m/n/10 g$ \T1/lmr/m/n/10 (+20) the last-$\OT1/lmr/m/n/10 (+20) (\OML/lmm/m/it/10 N \OMS/lmsy/m/n/10 ^^@ \OML/lmm/m/it/10 k\OT1/lmr/m/n/10 (+20) )$\T1/lmr/m/n/10 (+20) -stage trun-cated pol-icy. Con-sider the
 []


Overfull \hbox (0.75839pt too wide) detected at line 277
[][][]\OML/lmm/m/it/10 J[]\OT1/lmr/m/n/10 (\OML/lmm/m/it/10 x[]\OT1/lmr/m/n/10 ) = [] \U/msb/m/n/10 E[] [] \OML/lmm/m/it/10 ;  k \OT1/lmr/m/n/10 = 0\OML/lmm/m/it/10 ; \OT1/lmr/m/n/10 1\OML/lmm/m/it/10 ; [] ; N \OMS/lmsy/m/n/10 ^^@ \OT1/lmr/m/n/10 1\OML/lmm/m/it/10 :
 []


LaTeX Warning: Reference `eq:dpbackwardrecursion' on page 10 undefined on input line 280.


Overfull \hbox (30.06778pt too wide) detected at line 295
[]
 []


Underfull \vbox (badness 10000) has occurred while \output is active []

 [10]

LaTeX Warning: Reference `eq:dpproof-1' on page 11 undefined on input line 296.


LaTeX Warning: Reference `eq:dptheoremdefineJkstar' on page 11 undefined on input line 296.


LaTeX Warning: Reference `eq:dpproof-2' on page 11 undefined on input line 296.


LaTeX Warning: Reference `eq:dpproof-3' on page 11 undefined on input line 296.


LaTeX Warning: Reference `eq:dpproof-4' on page 11 undefined on input line 296.


LaTeX Warning: Reference `eq:dpproof-5' on page 11 undefined on input line 296.


LaTeX Warning: Reference `eq:dptheoremdefineJkstar' on page 11 undefined on input line 296.


LaTeX Warning: Reference `eq:dpproof-6' on page 11 undefined on input line 296.


LaTeX Warning: Reference `eq:dpproof-7' on page 11 undefined on input line 296.


LaTeX Warning: Reference `eq:dpproof-8' on page 11 undefined on input line 296.


LaTeX Warning: Reference `eq:dpbackwardrecursion' on page 11 undefined on input line 296.


LaTeX Warning: Reference `eq:dpbackwardrecursion' on page 11 undefined on input line 301.


Overfull \hbox (25.87103pt too wide) detected at line 305
[][][]\OML/lmm/m/it/10 J[]\OT1/lmr/m/n/10 (\OML/lmm/m/it/10 x[]\OT1/lmr/m/n/10 ) = [] \U/msb/m/n/10 E[] [] \OML/lmm/m/it/10 :
 []


LaTeX Warning: Reference `appconvex' on page 11 undefined on input line 311.


LaTeX Warning: Reference `eq:dptryN-1' on page 11 undefined on input line 311.

[11]

LaTeX Warning: Reference `eq:dptryN-1' on page 12 undefined on input line 313.


LaTeX Warning: Reference `eq:dptryN-1' on page 12 undefined on input line 313.


LaTeX Warning: Reference `exactdp' on page 12 undefined on input line 316.


LaTeX Warning: Reference `eq:dpbackwardrecursion' on page 12 undefined on input line 318.


LaTeX Warning: Reference `approximatedp' on page 12 undefined on input line 318.

[12]
Chapter 2.

LaTeX Warning: Reference `formulation' on page 13 undefined on input line 323.


LaTeX Warning: Reference `eq:lqr-formulation' on page 13 undefined on input line 342.


LaTeX Warning: Reference `eq:lqr-formulation' on page 13 undefined on input line 342.

[13

]

LaTeX Warning: Reference `thm:dynamicprogramming' on page 14 undefined on input line 344.


LaTeX Warning: Reference `eq:lqr-cost-N-1' on page 14 undefined on input line 360.


LaTeX Warning: Reference `eq:lqr-cost-N-1' on page 14 undefined on input line 373.


Overfull \hbox (28.66585pt too wide) detected at line 381
\OML/lmm/m/it/10 S[] \OT1/lmr/m/n/10 = \OML/lmm/m/it/10 Q[] \OT1/lmr/m/n/10 + \OML/lmm/m/it/10 A[] [] A[]:
 []


LaTeX Warning: Reference `eq:optimal-u-N-1' on page 14 undefined on input line 389.


LaTeX Warning: Reference `eq:optimal-cost-N-1' on page 14 undefined on input line 391.

[14]

LaTeX Warning: Reference `eq:lqr-formulation' on page 15 undefined on input line 400.


LaTeX Warning: Reference `eq:lqr-formulation' on page 15 undefined on input line 403.


Overfull \hbox (24.42657pt too wide) detected at line 420
[]
 []


LaTeX Warning: Reference `eq:finite-discrete-lqr-riccati' on page 15 undefined on input line 425.


LaTeX Warning: Reference `prp:discretetimefinitehorizonlqrsolution' on page 15 undefined on input line 428.


LaTeX Warning: Reference `eq:lqr-solution-control' on page 15 undefined on input line 428.


LaTeX Warning: Reference `eq:finite-discrete-lqr-riccati' on page 15 undefined on input line 428.


LaTeX Warning: Reference `eq:finite-discrete-lqr-riccati' on page 15 undefined on input line 428.


LaTeX Warning: Reference `eq:infinite-horizon-lqr-cost' on page 15 undefined on input line 438.


LaTeX Warning: Reference `eq:lqr-formulation' on page 15 undefined on input line 440.

[15]

LaTeX Warning: Reference `eq:infinite-horizon-lqr-cost' on page 16 undefined on input line 445.


LaTeX Warning: Reference `eq:infinite-horizon-lqr-invoke-dp' on page 16 undefined on input line 450.


LaTeX Warning: Reference `eq:infinite-horizon-lqr-invoke-dp' on page 16 undefined on input line 455.


LaTeX Warning: Reference `eq:algebraic-riccati' on page 16 undefined on input line 460.


LaTeX Warning: Reference `eq:infinite-horizon-lqr-optimal-cost' on page 16 undefined on input line 462.


LaTeX Warning: Reference `eq:infinite-horizon-lqr-invoke-dp' on page 16 undefined on input line 462.


LaTeX Warning: Reference `eq:algebraic-riccati' on page 16 undefined on input line 462.


LaTeX Warning: Reference `eq:algebraic-riccati' on page 16 undefined on input line 462.


LaTeX Warning: Reference `eq:infinite-horizon-lqr-control' on page 16 undefined on input line 462.


LaTeX Warning: Reference `app-lti-controllable-observable' on page 16 undefined on input line 471.


LaTeX Warning: Reference `eq:infinite-horizon-lqr-cost' on page 16 undefined on input line 471.


LaTeX Warning: Reference `eq:infinite-horizon-lqr-cost' on page 16 undefined on input line 473.

[16]

LaTeX Warning: Reference `app-lti-stability-dt' on page 17 undefined on input line 490.


LaTeX Warning: Reference `prp:infinitehorizonlqrsolution' on page 17 undefined on input line 493.


Package natbib Warning: Citation `bertsekas12book-dpocI' on page 17 undefined on input line 493.


LaTeX Warning: Reference `eq:finite-discrete-lqr-riccati' on page 17 undefined on input line 493.


LaTeX Warning: Reference `eq:algebraic-riccati' on page 17 undefined on input line 493.


LaTeX Warning: Reference `eq:finite-discrete-lqr-riccati' on page 17 undefined on input line 493.


LaTeX Warning: Reference `app-lti-system-theory' on page 17 undefined on input line 493.


LaTeX Warning: Reference `eq:finite-discrete-lqr-riccati' on page 17 undefined on input line 495.


LaTeX Warning: Reference `eq:finite-discrete-lqr-riccati' on page 17 undefined on input line 495.


Package natbib Warning: Citation `arnold84ieee-generalized' on page 17 undefined on input line 495.

LaTeX Font Info:    Trying to load font information for T1+lmtt on input line 495.
(/usr/local/texlive/2023/texmf-dist/tex/latex/lm/t1lmtt.fd
File: t1lmtt.fd 2015/05/01 v1.6.1 Font defs for Latin Modern
)

LaTeX Warning: Reference `fig:pendulum-drawing' on page 17 undefined on input line 502.

<images/pendulum-drawing.png, id=169, 383.4325pt x 389.455pt>
File: images/pendulum-drawing.png Graphic file (type png)
<use images/pendulum-drawing.png>
Package pdftex.def Info: images/pendulum-drawing.png  used on input line 517.
(pdftex.def)             Requested size: 138.00049pt x 140.16803pt.
[17]

LaTeX Warning: Reference `eq:infinite-horizon-lqr-cost' on page 18 undefined on input line 556.


LaTeX Warning: Reference `fig:pendulum-stabilization-sim' on page 18 undefined on input line 558.

<images/pendulum-stabilization-lqr.png, id=180, 1088.065pt x 961.5925pt>
File: images/pendulum-stabilization-lqr.png Graphic file (type png)
<use images/pendulum-stabilization-lqr.png>
Package pdftex.def Info: images/pendulum-stabilization-lqr.png  used on input line 564.
(pdftex.def)             Requested size: 207.00014pt x 182.93922pt.
[18 <./images/pendulum-drawing.png>] [19 <./images/pendulum-stabilization-lqr.png (PNG copy)>] [20

]
Chapter 3.

LaTeX Warning: Reference `formulation' on page 21 undefined on input line 581.


LaTeX Warning: Reference `thm:dynamicprogramming' on page 21 undefined on input line 589.

[21]

LaTeX Warning: Reference `eq:apprinv-dp' on page 22 undefined on input line 602.


LaTeX Warning: Reference `eq:apprinv-dp' on page 22 undefined on input line 619.


LaTeX Warning: Reference `eq:apprinv-dp' on page 22 undefined on input line 621.

[22] [23]

LaTeX Warning: Reference `eq:apprinv-fvi-1' on page 24 undefined on input line 669.


LaTeX Warning: Reference `eq:apprinv-fvi-2' on page 24 undefined on input line 669.

<images/drawme.png, id=234, 670.505pt x 310.15875pt>
File: images/drawme.png Graphic file (type png)
<use images/drawme.png>
Package pdftex.def Info: images/drawme.png  used on input line 678.
(pdftex.def)             Requested size: 206.995pt x 95.75067pt.
[24]

LaTeX Warning: Reference `eq:apprinv-dp' on page 25 undefined on input line 700.

File: images/drawme.png Graphic file (type png)
<use images/drawme.png>
Package pdftex.def Info: images/drawme.png  used on input line 709.
(pdftex.def)             Requested size: 206.995pt x 95.75067pt.
[25 <./images/drawme.png>] [26]

LaTeX Warning: Reference `eq:apprinv-cost-improvement' on page 27 undefined on input line 798.

[27]
File: images/drawme.png Graphic file (type png)
<use images/drawme.png>
Package pdftex.def Info: images/drawme.png  used on input line 822.
(pdftex.def)             Requested size: 206.995pt x 95.75067pt.
 [28] [29]
Overfull \hbox (10.81474pt too wide) detected at line 884
[][][][] []
 []

[30]

LaTeX Warning: Reference `eq:apprinv-dp' on page 31 undefined on input line 911.

[31] [32]
Chapter 4.

LaTeX Warning: Reference `thm:bellmanoptimality' on page 33 undefined on input line 945.


LaTeX Warning: Reference `stability' on page 33 undefined on input line 945.


LaTeX Warning: Reference `eq:ct-optimal-control-system' on page 33 undefined on input line 968.


LaTeX Warning: Reference `eq:ct-optimal-control-system' on page 33 undefined on input line 968.

[33

]

LaTeX Warning: Reference `eq:ct-optimal-control-system' on page 34 undefined on input line 978.


LaTeX Warning: Reference `eq:ct-optimal-control-definition' on page 34 undefined on input line 981.


LaTeX Warning: Reference `thm:dynamicprogramming' on page 34 undefined on input line 981.


LaTeX Warning: Reference `thm:dynamicprogramming' on page 34 undefined on input line 991.


LaTeX Warning: Reference `eq:dpbackwardrecursion' on page 34 undefined on input line 991.


LaTeX Warning: Reference `eq:dpbackwardrecursion' on page 34 undefined on input line 991.


LaTeX Warning: Reference `eq:ct-optimal-control-system' on page 34 undefined on input line 997.


LaTeX Warning: Reference `eq:ct-optimal-control-definition' on page 34 undefined on input line 1001.


LaTeX Warning: Reference `def:basicproblem' on page 34 undefined on input line 1005.

[34]

LaTeX Warning: Reference `eq:dpbackwardrecursion' on page 35 undefined on input line 1007.


LaTeX Warning: Reference `eq:ct-optimal-control-discrete-approx-dp' on page 35 undefined on input line 1013.


LaTeX Warning: Reference `eq:ct-optimal-control-discrete-approx-dp' on page 35 undefined on input line 1017.


Overfull \hbox (14.42311pt too wide) detected at line 1021
[][][][]\OT1/lmr/m/n/10 (\OML/lmm/m/it/10 k^^N; x\OT1/lmr/m/n/10 ) = [] [] \OML/lmm/m/it/10 :
 []


LaTeX Warning: Reference `eq:ct-optimal-control-discrete-approx-taylor' on page 35 undefined on input line 1026.


LaTeX Warning: Reference `eq:hjb-informal' on page 35 undefined on input line 1031.


LaTeX Warning: Reference `def:continuoustimeoptimalcontrol' on page 35 undefined on input line 1036.


LaTeX Warning: Reference `eq:ct-optimal-control-system' on page 35 undefined on input line 1036.


LaTeX Warning: Reference `eq:hjb-eqution-formal-1' on page 35 undefined on input line 1042.

[35]

LaTeX Warning: Reference `eq:hjb-eqution-formal-1' on page 36 undefined on input line 1047.


LaTeX Warning: Reference `thm:hjbsufficient' on page 36 undefined on input line 1070.


LaTeX Warning: Reference `eq:ct-optimal-control-definition' on page 36 undefined on input line 1070.


LaTeX Warning: Reference `eq:hjb-eqution-formal-1' on page 36 undefined on input line 1070.

[36]

LaTeX Warning: Reference `eq:scalar-system-optimal-value' on page 37 undefined on input line 1114.


LaTeX Warning: Reference `fig:scalar-system-optimal-J-t' on page 37 undefined on input line 1114.

<images/scalar-system-optimal-J-t.png, id=378, 737.75626pt x 409.53pt>
File: images/scalar-system-optimal-J-t.png Graphic file (type png)
<use images/scalar-system-optimal-J-t.png>
Package pdftex.def Info: images/scalar-system-optimal-J-t.png  used on input line 1122.
(pdftex.def)             Requested size: 172.49467pt x 95.75214pt.

LaTeX Warning: Reference `fig:scalar-system-optimal-J-x' on page 37 undefined on input line 1129.

<images/scalar-system-optimal-J-x.png, id=379, 1144.275pt x 363.3575pt>
File: images/scalar-system-optimal-J-x.png Graphic file (type png)
<use images/scalar-system-optimal-J-x.png>
Package pdftex.def Info: images/scalar-system-optimal-J-x.png  used on input line 1137.
(pdftex.def)             Requested size: 206.99075pt x 65.72864pt.

LaTeX Warning: Reference `eq:scalar-system-partial-J-partial-t' on page 37 undefined on input line 1144.


LaTeX Warning: Reference `eq:scalar-system-partial-J-partial-x' on page 37 undefined on input line 1144.


LaTeX Warning: Reference `eq:hjb-eqution-formal-1' on page 37 undefined on input line 1144.

[37]

LaTeX Warning: Reference `eq:scalar-system-hjb' on page 38 undefined on input line 1155.


LaTeX Warning: Reference `thm:hjbsufficient' on page 38 undefined on input line 1164.


Package natbib Warning: Citation `bertsekas12book-dpocI' on page 38 undefined on input line 1168.


LaTeX Warning: Reference `thm:hjbsufficient' on page 38 undefined on input line 1170.

[38 <./images/scalar-system-optimal-J-t.png> <./images/scalar-system-optimal-J-x.png>]

LaTeX Warning: Reference `eq:hjb-eqution-formal-1' on page 39 undefined on input line 1194.


Package natbib Warning: Citation `bertsekas12book-dpocI' on page 39 undefined on input line 1199.


LaTeX Warning: Reference `eq:hjb-equation-restate-for-pmp' on page 39 undefined on input line 1201.


LaTeX Warning: Reference `lem:gradientofminimumfunctions' on page 39 undefined on input line 1205.


Overfull \hbox (4.59879pt too wide) detected at line 1212
[]
 []

[39]

LaTeX Warning: Reference `eq:hjb-equation-restate-for-pmp' on page 40 undefined on input line 1213.


LaTeX Warning: Reference `eq:hjb-equation-restate-for-pmp' on page 40 undefined on input line 1213.


LaTeX Warning: Reference `eq:hjb-equation-differentiation-x' on page 40 undefined on input line 1213.


LaTeX Warning: Reference `eq:hjb-equation-differentiation-x' on page 40 undefined on input line 1222.


LaTeX Warning: Reference `eq:hjb-equation-differentiation-t' on page 40 undefined on input line 1222.


LaTeX Warning: Reference `eq:hjb-equation-differentiation-x' on page 40 undefined on input line 1224.


LaTeX Warning: Reference `eq:hjb-equation-differentiation-t' on page 40 undefined on input line 1224.


LaTeX Warning: Reference `eq:hjb-equation-differentiation-x' on page 40 undefined on input line 1233.


LaTeX Warning: Reference `eq:hjb-equation-differentiation-t' on page 40 undefined on input line 1237.


LaTeX Warning: Reference `eq:hjb-equation-differentiation-x' on page 40 undefined on input line 1237.


LaTeX Warning: Reference `eq:hjb-equation-differentiation-t' on page 40 undefined on input line 1237.


LaTeX Warning: Reference `eq:hjb-equation-differentiation-along-optimal-x' on page 40 undefined on input line 1248.


LaTeX Warning: Reference `eq:hjb-equation-differentiation-along-optimal-t' on page 40 undefined on input line 1248.

[40]

LaTeX Warning: Reference `eq:adjoint-equation-p' on page 41 undefined on input line 1255.


LaTeX Warning: Reference `eq:adjoint-equation-p' on page 41 undefined on input line 1255.


LaTeX Warning: Reference `eq:pmp-optimal-system-dynamics' on page 41 undefined on input line 1270.


LaTeX Warning: Reference `eq:adjoint-equation-p' on page 41 undefined on input line 1274.

[41]

LaTeX Warning: Reference `eq:hjb-equation-restate-for-pmp' on page 42 undefined on input line 1303.


LaTeX Warning: Reference `eq:adjoint-equation-p0' on page 42 undefined on input line 1308.


LaTeX Warning: Reference `thm:pontryaginminimum' on page 42 undefined on input line 1310.


LaTeX Warning: Reference `eq:pmp-solve-u-from-H' on page 42 undefined on input line 1317.


LaTeX Warning: Reference `appconvex-theory-kkt' on page 42 undefined on input line 1317.


LaTeX Warning: Reference `eq:pmp-optimal-system-dynamics' on page 42 undefined on input line 1317.


LaTeX Warning: Reference `eq:adjoint-equation-p' on page 42 undefined on input line 1317.

[42] [43] [44

]
Chapter 5.

LaTeX Warning: Reference `eq:pendulum-swingup-stability-test-1' on page 45 undefined on input line 1346.


LaTeX Warning: Reference `eq:pendulum-swingup-stability-test' on page 45 undefined on input line 1353.


LaTeX Warning: Reference `eq:pendulum-swingup-stability-test' on page 45 undefined on input line 1353.


LaTeX Warning: Reference `eq:pendulum-swingup-stability-test' on page 45 undefined on input line 1355.


LaTeX Warning: Reference `appconvex' on page 45 undefined on input line 1357.

[45]

LaTeX Warning: Reference `eq:autonomous-system' on page 46 undefined on input line 1377.


LaTeX Warning: Reference `eq:autonomous-system' on page 46 undefined on input line 1386.


LaTeX Warning: Reference `eq:shifted-system-by-equilibrium' on page 46 undefined on input line 1395.

[46]

LaTeX Warning: Reference `eq:pendulum-dynamics-for-equilibrium-point' on page 47 undefined on input line 1411.


LaTeX Warning: Reference `eq:autonomous-system' on page 47 undefined on input line 1426.

[47]

Package natbib Warning: Citation `vinograd57-inapplicability' on page 48 undefined on input line 1464.

<images/vinograd.png, id=478, 539.01375pt x 346.29375pt>
File: images/vinograd.png Graphic file (type png)
<use images/vinograd.png>
Package pdftex.def Info: images/vinograd.png  used on input line 1477.
(pdftex.def)             Requested size: 206.99866pt x 132.98796pt.
[48]

LaTeX Warning: Reference `state-observer' on page 49 undefined on input line 1496.


Overfull \hbox (58.03809pt too wide) detected at line 1507
\OMS/lmsy/m/n/10 8\OML/lmm/m/it/10 x \OMS/lmsy/m/n/10 2 \U/msb/m/n/10 X\OML/lmm/m/it/10 ;  x\OT1/lmr/m/n/10 (0) = \OML/lmm/m/it/10 x \OT1/lmr/m/n/10 =[]\OMS/lmsy/m/n/10 ) []
 []


LaTeX Warning: Reference `def:lyapunovstability' on page 49 undefined on input line 1510.


LaTeX Warning: Reference `def:globalstability' on page 49 undefined on input line 1510.


LaTeX Warning: Reference `app-lti-stability' on page 49 undefined on input line 1510.

[49 <./images/vinograd.png>]

LaTeX Warning: Reference `eq:autonomous-system' on page 50 undefined on input line 1512.


LaTeX Warning: Reference `eq:autonomous-system' on page 50 undefined on input line 1517.


LaTeX Warning: Reference `eq:autonomous-system' on page 50 undefined on input line 1522.


LaTeX Warning: Reference `eq:autonomous-system' on page 50 undefined on input line 1527.


LaTeX Warning: Reference `eq:linearized-system' on page 50 undefined on input line 1527.


LaTeX Warning: Reference `eq:linearized-system' on page 50 undefined on input line 1531.


LaTeX Warning: Reference `eq:autonomous-system' on page 50 undefined on input line 1531.


LaTeX Warning: Reference `eq:linearized-system' on page 50 undefined on input line 1533.


LaTeX Warning: Reference `eq:autonomous-system' on page 50 undefined on input line 1533.


LaTeX Warning: Reference `eq:linearized-system' on page 50 undefined on input line 1535.


LaTeX Warning: Reference `eq:autonomous-system' on page 50 undefined on input line 1535.


LaTeX Warning: Reference `thm:stabilitybylinearization' on page 50 undefined on input line 1540.


LaTeX Warning: Reference `eq:pendulum-dynamics-for-equilibrium-point' on page 50 undefined on input line 1543.


LaTeX Warning: Reference `exm:pendulumequilibriumpoint' on page 50 undefined on input line 1543.

[50] [51]

LaTeX Warning: Reference `eq:autonomous-system' on page 52 undefined on input line 1599.


LaTeX Warning: Reference `eq:autonomous-system' on page 52 undefined on input line 1607.


LaTeX Warning: Reference `def:lyapunovstability' on page 52 undefined on input line 1616.


LaTeX Warning: Reference `def:asymptoticstability' on page 52 undefined on input line 1622.


LaTeX Warning: Reference `def:exponentialstability' on page 52 undefined on input line 1624.


LaTeX Warning: Reference `thm:lyapunovlocalstability' on page 52 undefined on input line 1629.


LaTeX Warning: Reference `eq:pendulum-dynamics-for-equilibrium-point' on page 52 undefined on input line 1632.

[52]

LaTeX Warning: Reference `thm:lyapunovlocalstability' on page 53 undefined on input line 1643.


LaTeX Warning: Reference `eq:pendulum-lyapunov-1' on page 53 undefined on input line 1645.


LaTeX Warning: Reference `thm:lyapunovlocalstability' on page 53 undefined on input line 1666.


LaTeX Warning: Reference `invariant-set-theorem' on page 53 undefined on input line 1668.

[53]

LaTeX Warning: Reference `eq:autonomous-system' on page 54 undefined on input line 1676.


LaTeX Warning: Reference `def:globalstability' on page 54 undefined on input line 1687.


LaTeX Warning: Reference `thm:lyapunovlocalstability' on page 54 undefined on input line 1702.


LaTeX Warning: Reference `thm:lyapunovglobalstability' on page 54 undefined on input line 1702.


LaTeX Warning: Reference `exm:lyapunovlocalstabilitypendulum' on page 54 undefined on input line 1702.


LaTeX Warning: Reference `exm:lyapunovlocalstabilitypendulum' on page 54 undefined on input line 1702.


LaTeX Warning: Reference `eq:autonomous-system' on page 54 undefined on input line 1709.


LaTeX Warning: Reference `def:asymptoticstability' on page 54 undefined on input line 1715.


LaTeX Warning: Reference `eq:autonomous-system' on page 54 undefined on input line 1720.

[54]

LaTeX Warning: Reference `exm:lyapunovlocalstabilitypendulum' on page 55 undefined on input line 1732.


LaTeX Warning: Reference `exm:lyapunovlocalstabilitypendulum' on page 55 undefined on input line 1735.


LaTeX Warning: Reference `thm:localinvariantsettheorm' on page 55 undefined on input line 1745.


Overfull \hbox (15.01071pt too wide) detected at line 1751
[]
 []


LaTeX Warning: Reference `thm:localinvariantsettheorm' on page 55 undefined on input line 1763.

[55]

LaTeX Warning: Reference `eq:autonomous-system' on page 56 undefined on input line 1771.


LaTeX Warning: Reference `thm:lyapunovlocalstability' on page 56 undefined on input line 1786.


LaTeX Warning: Reference `thm:lyapunovglobalstability' on page 56 undefined on input line 1786.


LaTeX Warning: Reference `thm:localinvariantsettheorm' on page 56 undefined on input line 1786.


LaTeX Warning: Reference `thm:globalinvariantsettheorem' on page 56 undefined on input line 1786.


LaTeX Warning: Reference `exm:lyapunovlocalstabilitypendulum' on page 56 undefined on input line 1790.


LaTeX Warning: Reference `eq:pendulum-lyapunov-1' on page 56 undefined on input line 1790.


LaTeX Warning: Reference `eq:pendulum-lyapunov-2' on page 56 undefined on input line 1790.


LaTeX Warning: Reference `thm:lyapunovlocalstability' on page 56 undefined on input line 1794.


LaTeX Warning: Reference `thm:lyapunovglobalstability' on page 56 undefined on input line 1794.


LaTeX Warning: Reference `thm:localinvariantsettheorm' on page 56 undefined on input line 1794.


LaTeX Warning: Reference `thm:globalinvariantsettheorem' on page 56 undefined on input line 1794.


Package natbib Warning: Citation `dawson23tro-safe' on page 56 undefined on input line 1794.


LaTeX Warning: Reference `eq:autonomous-system' on page 56 undefined on input line 1794.


LaTeX Warning: Reference `app-lti-stability' on page 56 undefined on input line 1794.

[56]

LaTeX Warning: Reference `eq:sos-simple-intuition-multiplier' on page 57 undefined on input line 1842.


LaTeX Warning: Reference `eq:sos-simple-intuition-multiplier' on page 57 undefined on input line 1842.

[57]

LaTeX Warning: Reference `exm:simpleexamplesos' on page 58 undefined on input line 1858.


LaTeX Warning: Reference `exm:simpleexamplesos' on page 58 undefined on input line 1863.


LaTeX Warning: Reference `eq:basic-semialgebraic-set' on page 58 undefined on input line 1877.


LaTeX Warning: Reference `eq:basic-semialgebraic-set' on page 58 undefined on input line 1879.

[58]

LaTeX Warning: Reference `exm:simpleexamplesos' on page 59 undefined on input line 1894.


LaTeX Warning: Reference `eq:p-satz-putinar' on page 59 undefined on input line 1917.


LaTeX Warning: Reference `eq:sos-tutorial-search-certificate' on page 59 undefined on input line 1931.

[59]

LaTeX Warning: Reference `eq:sos-tutorial-search-certificate' on page 60 undefined on input line 1935.


LaTeX Warning: Reference `eq:sos-tutorial-search-certificate' on page 60 undefined on input line 1937.


LaTeX Warning: Reference `lem:psdrepresentationsospolynomial' on page 60 undefined on input line 1948.


LaTeX Warning: Reference `eq:sos-tutorial-search-certificate' on page 60 undefined on input line 1950.


LaTeX Warning: Reference `eq:sos-tutorial-search-certificate' on page 60 undefined on input line 1953.


LaTeX Warning: Reference `eq:sos-tutorial-search-certificate' on page 60 undefined on input line 1953.


LaTeX Warning: Reference `eq:sos-tutorial-search-certificate' on page 60 undefined on input line 1959.


LaTeX Warning: Reference `eq:sos-tutorial-search-certificate' on page 60 undefined on input line 1959.


LaTeX Warning: Reference `eq:sos-tutorial-search-certificate' on page 60 undefined on input line 1959.


Package natbib Warning: Citation `blekherman12book-semidefinite' on page 60 undefined on input line 1959.

[60]

LaTeX Warning: Reference `eq:polynomial-optimization-dual' on page 61 undefined on input line 1974.


LaTeX Warning: Reference `eq:sos-tutorial-search-certificate' on page 61 undefined on input line 1982.


LaTeX Warning: Reference `eq:polynomial-optimization-dual' on page 61 undefined on input line 1982.


LaTeX Warning: Reference `eq:polynomial-optimization-dual-sos' on page 61 undefined on input line 1982.


LaTeX Warning: Reference `eq:polynomial-optimization-dual' on page 61 undefined on input line 1982.


Package natbib Warning: Citation `lasserre01siopt-global' on page 61 undefined on input line 1982.


LaTeX Warning: Reference `eq:polynomial-optimization-dual-sos' on page 61 undefined on input line 1982.


LaTeX Warning: Reference `eq:polynomial-optimization-dual-sos' on page 61 undefined on input line 1982.


LaTeX Warning: Reference `eq:polynomial-optimization-dual' on page 61 undefined on input line 1982.


Package natbib Warning: Citation `yang22pami-certifiably' on page 61 undefined on input line 1982.


Package natbib Warning: Citation `lasserre09book-moments' on page 61 undefined on input line 1982.


LaTeX Warning: Reference `eq:sos-tutorial-search-certificate' on page 61 undefined on input line 1984.


LaTeX Warning: Reference `eq:polynomial-optimization-dual-sos' on page 61 undefined on input line 1984.


Package natbib Warning: Citation `yang22mp-inexact' on page 61 undefined on input line 1984.

[61]

LaTeX Warning: Reference `eq:p-satz-putinar' on page 62 undefined on input line 1986.


Package natbib Warning: Citation `wang22-nonnegative' on page 62 undefined on input line 1986.


Package natbib Warning: Citation `murray21mpc-signomial' on page 62 undefined on input line 1986.


Package natbib Warning: Citation `magron23book-sparse' on page 62 undefined on input line 1989.


Package natbib Warning: Citation `nie23book-moment' on page 62 undefined on input line 1989.


LaTeX Warning: Reference `thm:lyapunovlocalstability' on page 62 undefined on input line 1993.


LaTeX Warning: Reference `eq:sos-tutorial-search-certificate' on page 62 undefined on input line 2000.

[62]
LaTeX Font Info:    Trying to load font information for U+euf on input line 2005.
 (/usr/local/texlive/2023/texmf-dist/tex/latex/amsfonts/ueuf.fd
File: ueuf.fd 2013/01/14 v3.01 Euler Fraktur
) (/usr/local/texlive/2023/texmf-dist/tex/latex/microtype/mt-euf.cfg
File: mt-euf.cfg 2006/07/03 v1.1 microtype config. file: AMS Euler Fraktur (RS)
)

LaTeX Warning: Reference `eq:lyapunovlocalstabilitypendulumsos-1' on page 63 undefined on input line 2032.


LaTeX Warning: Reference `eq:lyapunovlocalstabilitypendulumsos-2' on page 63 undefined on input line 2032.


LaTeX Warning: Reference `eq:lyapunovlocalstabilitypendulumsos-3' on page 63 undefined on input line 2032.


LaTeX Warning: Reference `eq:lyapunovlocalstabilitypendulumsos-constraintset' on page 63 undefined on input line 2050.

<images/pendulum-local-lyapunov-certificate-V.png, id=634, 1278.7775pt x 1168.365pt>
File: images/pendulum-local-lyapunov-certificate-V.png Graphic file (type png)
<use images/pendulum-local-lyapunov-certificate-V.png>
Package pdftex.def Info: images/pendulum-local-lyapunov-certificate-V.png  used on input line 2054.
(pdftex.def)             Requested size: 206.9891pt x 189.1172pt.
[63]

LaTeX Warning: Reference `eq:lyapunovlocalstabilitypendulumsos-constraintset' on page 64 undefined on input line 2063.

<images/pendulum-local-lyapunov-certificate-Vdot.png, id=649, 1330.9725pt x 1126.2075pt>
File: images/pendulum-local-lyapunov-certificate-Vdot.png Graphic file (type png)
<use images/pendulum-local-lyapunov-certificate-Vdot.png>
Package pdftex.def Info: images/pendulum-local-lyapunov-certificate-Vdot.png  used on input line 2067.
(pdftex.def)             Requested size: 206.9891pt x 175.14464pt.
[64 <./images/pendulum-local-lyapunov-certificate-V.png (PNG copy)>]

LaTeX Warning: Reference `lem:Barbalat' on page 65 undefined on input line 2117.

[65 <./images/pendulum-local-lyapunov-certificate-Vdot.png (PNG copy)>] [66

]
Chapter 6.

LaTeX Warning: Reference `eq:output-feedback-system' on page 67 undefined on input line 2136.


LaTeX Warning: Reference `eq:output-feedback-system' on page 67 undefined on input line 2149.


Package natbib Warning: Citation `bernard19book-observer' on page 67 undefined on input line 2151.


Package natbib Warning: Citation `bernard22arc-observer' on page 67 undefined on input line 2151.

[67]

LaTeX Warning: Reference `eq:output-feedback-system' on page 68 undefined on input line 2154.


LaTeX Warning: Reference `eq:observer-definition-1' on page 68 undefined on input line 2166.


LaTeX Warning: Reference `eq:observer-definition-1' on page 68 undefined on input line 2181.


LaTeX Warning: Reference `eq:observer-definition-3' on page 68 undefined on input line 2181.


Package natbib Warning: Citation `karagiannis05cdc-nonlinear' on page 68 undefined on input line 2184.


Package natbib Warning: Citation `astolfi03tac-immersion' on page 68 undefined on input line 2184.


LaTeX Warning: Reference `eq:observer-definition-1' on page 68 undefined on input line 2184.


LaTeX Warning: Reference `eq:observer-definition-3' on page 68 undefined on input line 2184.


LaTeX Warning: Reference `eq:observer-definition-simple' on page 68 undefined on input line 2193.

[68]

LaTeX Warning: Reference `eq:meta-observer-zeta-hat' on page 69 undefined on input line 2210.


LaTeX Warning: Reference `eq:meta-observer-zeta' on page 69 undefined on input line 2211.


LaTeX Warning: Reference `eq:meta-observer-zeta-hat' on page 69 undefined on input line 2216.


LaTeX Warning: Reference `eq:meta-observer-zeta' on page 69 undefined on input line 2216.


LaTeX Warning: Reference `eq:output-feedback-system' on page 69 undefined on input line 2231.


LaTeX Warning: Reference `eq:meta-observer-zeta' on page 69 undefined on input line 2231.

[69]

LaTeX Warning: Reference `eq:output-feedback-system' on page 70 undefined on input line 2251.


Package natbib Warning: Citation `bernard19book-observer' on page 70 undefined on input line 2255.


LaTeX Warning: Reference `thm:observerdesignmeta' on page 70 undefined on input line 2258.


LaTeX Warning: Reference `eq:meta-observer-zeta-hat' on page 70 undefined on input line 2261.


LaTeX Warning: Reference `eq:meta-observer-zeta' on page 70 undefined on input line 2261.


LaTeX Warning: Reference `eq:output-feedback-system' on page 70 undefined on input line 2272.


LaTeX Warning: Reference `eq:meta-observer-zeta' on page 70 undefined on input line 2272.


LaTeX Warning: Reference `eq:output-feedback-system' on page 70 undefined on input line 2286.


LaTeX Warning: Reference `thm:observerdesignmeta' on page 70 undefined on input line 2289.


LaTeX Warning: Reference `cor:observerdesignmetafixedT' on page 70 undefined on input line 2289.


LaTeX Warning: Reference `eq:output-feedback-system' on page 70 undefined on input line 2294.


LaTeX Warning: Reference `eq:meta-observer-zeta' on page 70 undefined on input line 2294.


LaTeX Warning: Reference `eq:meta-observer-zeta-hat' on page 70 undefined on input line 2296.


LaTeX Warning: Reference `eq:meta-observer-zeta' on page 70 undefined on input line 2301.

[70]

LaTeX Warning: Reference `eq:output-feedback-system' on page 71 undefined on input line 2319.


LaTeX Warning: Reference `eq:output-feedback-system' on page 71 undefined on input line 2319.


LaTeX Warning: Reference `eq:output-feedback-system' on page 71 undefined on input line 2338.


Underfull \hbox (badness 3884) in paragraph at lines 2343--2344
[]\T1/lmr/bx/n/10 (+20) Backward $\OMS/lmsy/m/n/10 L$\T1/lmr/bx/n/10 (+20) -distinguishable on $\OMS/lmsy/m/n/10 X$ \T1/lmr/m/n/10 (+20) for some in-put $\OML/lmm/m/it/10 u\OT1/lmr/m/n/10 (+20) (\OML/lmm/m/it/10 t\OT1/lmr/m/n/10 (+20) )$\T1/lmr/m/n/10 (+20) , if
 []


LaTeX Warning: Reference `eq:meta-observer-zeta' on page 71 undefined on input line 2354.

[71]

LaTeX Warning: Reference `thm:ltidetectable' on page 72 undefined on input line 2364.


LaTeX Warning: Reference `eq:Luenberger-linear-template' on page 72 undefined on input line 2369.


LaTeX Warning: Reference `eq:Luenberger-error' on page 72 undefined on input line 2379.


LaTeX Warning: Reference `thm:ltidetectable' on page 72 undefined on input line 2385.


LaTeX Warning: Reference `cor:bestconvergencerate' on page 72 undefined on input line 2387.


LaTeX Warning: Reference `eq:Luenberger-Linear' on page 72 undefined on input line 2394.

[72]

LaTeX Warning: Reference `eq:kbobserver-pendulum' on page 73 undefined on input line 2416.


LaTeX Warning: Reference `eq:kbobserver-pendulum' on page 73 undefined on input line 2418.


LaTeX Warning: Reference `eq:Luenberger-linear-template' on page 73 undefined on input line 2418.


LaTeX Warning: Reference `thm:ltidetectable' on page 73 undefined on input line 2455.


LaTeX Warning: Reference `thm:ltiobservable' on page 73 undefined on input line 2455.


LaTeX Warning: Reference `thm:LuenbergerLinear' on page 73 undefined on input line 2466.

[73]

LaTeX Warning: Reference `tab:pendulumLuenbergerRate' on page 74 undefined on input line 2472.


LaTeX Warning: Reference `eq:pendulumLuenbergerMaxgammaNonCVX' on page 74 undefined on input line 2537.


LaTeX Warning: Reference `eq:pendulumLuenbergerMaxgammaCVX' on page 74 undefined on input line 2546.


LaTeX Warning: Reference `eq:pendulumLuenbergerMaxgammaCVX' on page 74 undefined on input line 2546.


LaTeX Warning: Reference `eq:pendulumLuenbergerMaxgammaCVX' on page 74 undefined on input line 2548.


LaTeX Warning: Reference `eq:pendulumLuenbergerMaxgammaCVX' on page 74 undefined on input line 2548.

[74]

LaTeX Warning: Reference `eq:meta-observer-zeta' on page 75 undefined on input line 2561.


LaTeX Warning: Reference `eq:state-affine-template' on page 75 undefined on input line 2566.


LaTeX Warning: Reference `eq:Luenberger-linear-template' on page 75 undefined on input line 2566.


Package natbib Warning: Citation `kalman61-new' on page 75 undefined on input line 2568.


Package natbib Warning: Citation `besanccon96ejc-observer' on page 75 undefined on input line 2568.


Package natbib Warning: Citation `hammouri90cdc-observer' on page 75 undefined on input line 2568.


Package natbib Warning: Citation `besanccon96ejc-observer' on page 75 undefined on input line 2568.


Package natbib Warning: Citation `hammouri90cdc-observer' on page 75 undefined on input line 2568.


LaTeX Warning: Reference `eq:linear-time-varying' on page 75 undefined on input line 2588.


LaTeX Warning: Reference `eq:state-affine-template' on page 75 undefined on input line 2606.


LaTeX Warning: Reference `eq:state-affine-template' on page 75 undefined on input line 2609.

[75]

LaTeX Warning: Reference `eq:kbobserver-auxilarydynamics' on page 76 undefined on input line 2624.


LaTeX Warning: Reference `eq:state-affine-template' on page 76 undefined on input line 2646.


LaTeX Warning: Reference `eq:kbobserver-pendulum' on page 76 undefined on input line 2654.


LaTeX Warning: Reference `eq:state-affine-template' on page 76 undefined on input line 2656.

[76]

LaTeX Warning: Reference `eq:state-affine-template' on page 77 undefined on input line 2679.


LaTeX Warning: Reference `thm:kalmanbucystateaffine' on page 77 undefined on input line 2681.


LaTeX Warning: Reference `eq:kbobserver-auxilarydynamics' on page 77 undefined on input line 2681.


Overfull \hbox (15.54147pt too wide) detected at line 2686
\OMS/lmsy/m/n/10 k\OML/lmm/m/it/10 A\OT1/lmr/m/n/10 (\OML/lmm/m/it/10 u; y\OT1/lmr/m/n/10 )\OML/lmm/m/it/10 ^^X\OMS/lmsy/m/n/10 k \OT1/lmr/m/n/10 = \OMS/lmsy/m/n/10 k\OML/lmm/m/it/10 ^^X[]\OT1/lmr/m/n/10 (\U/euf/m/n/10 c \OMS/lmsy/m/n/10 ^^@ \U/euf/m/n/10 s \OMS/lmsy/m/n/10 ^^@ \OML/lmm/m/it/10 b=ml[]\OT1/lmr/m/n/10 )\OMS/lmsy/m/n/10 k ^^T j\OML/lmm/m/it/10 ^^X[]\OMS/lmsy/m/n/10 j[][] ^^T k\OML/lmm/m/it/10 ^^X\OMS/lmsy/m/n/10 k[]\OML/lmm/m/it/10 :
 []


LaTeX Warning: Reference `eq:kbobserver-auxilarydynamics' on page 77 undefined on input line 2689.


Overfull \hbox (7.82411pt too wide) detected at line 2697
\OT1/lmr/m/n/10 ^^@[](\OML/lmm/m/it/10 t \OMS/lmsy/m/n/10 ^^@ []\OML/lmm/m/it/10 ; t\OT1/lmr/m/n/10 ) = [][] 	[](\OML/lmm/m/it/10 ^^\; t\OT1/lmr/m/n/10 )[]\OML/lmm/m/it/10 C[]C\OT1/lmr/m/n/10 	[](\OML/lmm/m/it/10 ^^\; t\OT1/lmr/m/n/10 )\OML/lmm/m/it/10 d^^\ \OT1/lmr/m/n/10 = [][] 	[](\OML/lmm/m/it/10 ^^\; t\OT1/lmr/m/n/10 )[] [] 	[](\OML/lmm/m/it/10 ^^\; t\OT1/lmr/m/n/10 )\OML/lmm/m/it/10 d^^\:
 []


LaTeX Warning: Reference `eq:pendulm-regular-persistence-1' on page 77 undefined on input line 2714.

[77]

LaTeX Warning: Reference `eq:pendulum-state-affine' on page 78 undefined on input line 2744.


LaTeX Warning: Reference `eq:pendulm-state-affine-auxiliarysystem' on page 78 undefined on input line 2752.

[78]

LaTeX Warning: Reference `eq:pendulm-state-affine-auxiliarysystem' on page 79 undefined on input line 2754.


LaTeX Warning: Reference `eq:pendulm-state-affine-auxiliarysystem' on page 79 undefined on input line 2759.


Package natbib Warning: Citation `luenberger64-observer' on page 79 undefined on input line 2782.

[79]

LaTeX Warning: Reference `eq:kkl-history-dynamics' on page 80 undefined on input line 2795.


LaTeX Warning: Reference `eq:output-feedback-system' on page 80 undefined on input line 2806.


LaTeX Warning: Reference `thm:LuenbergerLinear' on page 80 undefined on input line 2811.


LaTeX Warning: Reference `eq:kkl-template' on page 80 undefined on input line 2811.


Package natbib Warning: Citation `kazantzis98scl-kkl' on page 80 undefined on input line 2816.


LaTeX Warning: Reference `eq:kkl-observer' on page 80 undefined on input line 2818.


LaTeX Warning: Reference `thm:kalmanbucystateaffine' on page 80 undefined on input line 2818.


LaTeX Warning: Reference `eq:kkl-template' on page 80 undefined on input line 2820.


Package natbib Warning: Citation `janny21cdc-deepkkl' on page 80 undefined on input line 2822.


Package natbib Warning: Citation `niazi23lacc-earning' on page 80 undefined on input line 2822.


Package natbib Warning: Citation `miao23ll4dc-earning' on page 80 undefined on input line 2822.


LaTeX Warning: Reference `eq:output-feedback-system' on page 80 undefined on input line 2827.

[80]

Package natbib Warning: Citation `andrieu06sicopt-kkl' on page 81 undefined on input line 2834.


LaTeX Warning: Reference `eq:kkl-autonomous-system' on page 81 undefined on input line 2837.


LaTeX Warning: Reference `def:observability' on page 81 undefined on input line 2837.


LaTeX Warning: Reference `thm:kklautonomous' on page 81 undefined on input line 2859.


LaTeX Warning: Reference `thm:kklautonomous' on page 81 undefined on input line 2874.


LaTeX Warning: Reference `eq:kkl-autonomous-system' on page 81 undefined on input line 2874.

[81]

LaTeX Warning: Reference `eq:kkl-autonomous-T' on page 82 undefined on input line 2884.


Package natbib Warning: Citation `bernard19book-observer' on page 82 undefined on input line 2923.

[82]

Package natbib Warning: Citation `bernard19book-observer' on page 83 undefined on input line 2931.


LaTeX Warning: Reference `eq:observerdesignconvex' on page 83 undefined on input line 2948.


LaTeX Warning: Reference `eq:output-feedback-system' on page 83 undefined on input line 2948.


LaTeX Warning: Reference `eq:observerdesignconvex' on page 83 undefined on input line 2950.


LaTeX Warning: Reference `eq:Luenberger-Linear' on page 83 undefined on input line 2955.


LaTeX Warning: Reference `eq:sos-observer' on page 83 undefined on input line 2957.


LaTeX Warning: Reference `thm:lyapunovglobalstability' on page 83 undefined on input line 2962.

[83]

LaTeX Warning: Reference `eq:sos-observer-nonconvex' on page 84 undefined on input line 2974.


Package natbib Warning: Citation `ebenbauer05cdc-polynomial' on page 84 undefined on input line 2974.


LaTeX Warning: Reference `eq:sos-observer-nonconvex' on page 84 undefined on input line 2974.


LaTeX Warning: Reference `eq:sos-observer-convex-formulation' on page 84 undefined on input line 2985.


LaTeX Warning: Reference `eq:sos-observer-nonconvex' on page 84 undefined on input line 2989.


LaTeX Warning: Reference `eq:sos-observer-convex-formulation' on page 84 undefined on input line 3008.

[84]

LaTeX Warning: Reference `fig:sos-observer-pendulum-simulation' on page 85 undefined on input line 3026.


LaTeX Warning: Reference `eq:sos-observer-convex-formulation' on page 85 undefined on input line 3028.

<images/pendulum-simulation-sos-observer.png, id=871, 1023.825pt x 1324.95pt>
File: images/pendulum-simulation-sos-observer.png Graphic file (type png)
<use images/pendulum-simulation-sos-observer.png>
Package pdftex.def Info: images/pendulum-simulation-sos-observer.png  used on input line 3032.
(pdftex.def)             Requested size: 275.99902pt x 357.1752pt.
[85 <./images/pendulum-simulation-sos-observer.png>]

LaTeX Warning: Reference `exm:pendulumLuenberger' on page 86 undefined on input line 3049.

[86]
Chapter 7.

LaTeX Warning: Reference `feedbacklinearization' on page 87 undefined on input line 3111.


LaTeX Warning: Reference `slidingcontrol' on page 87 undefined on input line 3111.


LaTeX Warning: Reference `lem:adaptivecontrolbasic' on page 87 undefined on input line 3113.


LaTeX Warning: Reference `stability' on page 87 undefined on input line 3115.

[87

]

LaTeX Warning: Reference `eq:acbasiclemmaephi' on page 88 undefined on input line 3137.


LaTeX Warning: Reference `lem:KalmanYakubovich' on page 88 undefined on input line 3142.


LaTeX Warning: Reference `eq:acbasiclemmastatespace' on page 88 undefined on input line 3150.


LaTeX Warning: Reference `eq:acbasiclemmaphilaw' on page 88 undefined on input line 3150.


LaTeX Warning: Reference `eq:acbasiclemmastatespace' on page 88 undefined on input line 3159.


LaTeX Warning: Reference `thm:BarbalatStability' on page 88 undefined on input line 3159.

[88]

LaTeX Warning: Reference `eq:ac-first-linear' on page 89 undefined on input line 3190.


LaTeX Warning: Reference `eq:ac-first-linear-control' on page 89 undefined on input line 3190.


LaTeX Warning: Reference `eq:ac-first-linear-control' on page 89 undefined on input line 3195.


LaTeX Warning: Reference `eq:ac-first-linear-desired' on page 89 undefined on input line 3200.


LaTeX Warning: Reference `eq:ac-first-linear-optimal-gain' on page 89 undefined on input line 3211.


LaTeX Warning: Reference `eq:ac-first-linear-error-dynamics' on page 89 undefined on input line 3211.


LaTeX Warning: Reference `eq:acbasiclemmaephi' on page 89 undefined on input line 3219.


LaTeX Warning: Reference `eq:ac-first-linear-control' on page 89 undefined on input line 3225.


LaTeX Warning: Reference `eq:ac-first-linear-adaptation-law' on page 89 undefined on input line 3225.


LaTeX Warning: Reference `lem:adaptivecontrolbasic' on page 89 undefined on input line 3225.

[89]

LaTeX Warning: Reference `eq:ac-first-linear-desired' on page 90 undefined on input line 3234.


LaTeX Warning: Reference `eq:ac-first-linear-error-dynamics' on page 90 undefined on input line 3234.


LaTeX Warning: Reference `thm:BarbalatStability' on page 90 undefined on input line 3234.


LaTeX Warning: Reference `eq:ac-first-linear-adaptation-law' on page 90 undefined on input line 3236.


LaTeX Warning: Reference `eq:ac-first-linear-control' on page 90 undefined on input line 3238.


LaTeX Warning: Reference `eq:ac-first-linear-adaptation-law' on page 90 undefined on input line 3238.


LaTeX Warning: Reference `eq:ac-first-linear-control' on page 90 undefined on input line 3238.


LaTeX Warning: Reference `eq:ac-first-linear-optimal-gain' on page 90 undefined on input line 3238.


LaTeX Warning: Reference `eq:ac-first-linear-error-dynamics-transfer' on page 90 undefined on input line 3240.


LaTeX Warning: Reference `eq:ac-first-linear-adaptation-law' on page 90 undefined on input line 3240.


LaTeX Warning: Reference `eq:ac-first-linear-desired' on page 90 undefined on input line 3249.


LaTeX Warning: Reference `eq:ac-first-linear-parameter-equation' on page 90 undefined on input line 3249.


LaTeX Warning: Reference `eq:ac-first-linear-parameter-equation' on page 90 undefined on input line 3260.

[90]

LaTeX Warning: Reference `eq:ac-first-linear-persistent-excitation' on page 91 undefined on input line 3264.


LaTeX Warning: Reference `eq:ac-singleinput-nonlinear' on page 91 undefined on input line 3287.


LaTeX Warning: Reference `eq:ac-singleinput-nonlinear' on page 91 undefined on input line 3289.


LaTeX Warning: Reference `slidingcontrol' on page 91 undefined on input line 3296.

[91]

LaTeX Warning: Reference `eq:ac-singleinput-nonlinear-equivalent' on page 92 undefined on input line 3319.


LaTeX Warning: Reference `eq:ac-singleinput-nonlinear-control-law-knownparam' on page 92 undefined on input line 3327.


LaTeX Warning: Reference `eq:ac-singleinput-nonlinear-control-law-unknownparam' on page 92 undefined on input line 3335.


LaTeX Warning: Reference `eq:ac-singleinput-nonlinear-equivalent' on page 92 undefined on input line 3335.

[92]

LaTeX Warning: Reference `eq:ac-singleinput-nonlinear-error-dynamics' on page 93 undefined on input line 3344.


LaTeX Warning: Reference `eq:acbasiclemmaephi' on page 93 undefined on input line 3344.

File: images/drawme.png Graphic file (type png)
<use images/drawme.png>
Package pdftex.def Info: images/drawme.png  used on input line 3371.
(pdftex.def)             Requested size: 206.995pt x 95.75067pt.

LaTeX Warning: Reference `fig:planar-two-link' on page 93 undefined on input line 3379.

[93]

LaTeX Warning: Reference `feedbacklinearization' on page 94 undefined on input line 3414.

[94]

LaTeX Warning: Reference `eq:ac-mrac-manipulator-controller-knownparam' on page 95 undefined on input line 3425.


LaTeX Warning: Reference `eq:ac-mrac-manipulator-controller-knownparam' on page 95 undefined on input line 3436.


LaTeX Warning: Reference `eq:ac-mrac-manipulator-controller-unknownparam' on page 95 undefined on input line 3436.


LaTeX Warning: Reference `eq:ac-mrac-manipulator-controller-knownparam' on page 95 undefined on input line 3436.


LaTeX Warning: Reference `eq:ac-first-linear-lyapunov' on page 95 undefined on input line 3439.


LaTeX Warning: Reference `eq:ac-singleinput-nonlinear-lyapunov' on page 95 undefined on input line 3439.

[95]

LaTeX Warning: Reference `eq:ac-mrac-manipulator-dynamics' on page 96 undefined on input line 3449.


Package natbib Warning: Citation `slotine91book-applied' on page 96 undefined on input line 3453.


LaTeX Warning: Reference `exm:planartwolinkmanipulator' on page 96 undefined on input line 3453.


LaTeX Warning: Reference `lem:skewsymmetricmanipulator' on page 96 undefined on input line 3456.


LaTeX Warning: Reference `eq:ac-mrac-manipulator-controller-unknownparam-lyapunov' on page 96 undefined on input line 3456.


LaTeX Warning: Reference `eq:ac-mrac-manipulator-dynamics' on page 96 undefined on input line 3468.


LaTeX Warning: Reference `eq:ac-mrac-manipulator-controller-unknownparam-lyapunov-derivative-1' on page 96 undefined on input line 3468.


LaTeX Warning: Reference `eq:ac-mrac-manipulator-controller-unknownparam-lyapunov-derivative-2' on page 96 undefined on input line 3468.


LaTeX Warning: Reference `eq:ac-mrac-manipulator-controller-unknownparam' on page 96 undefined on input line 3468.


LaTeX Warning: Reference `eq:ac-mrac-manipulator-controller-unknownparam-lyapunov-derivative-3' on page 96 undefined on input line 3468.


LaTeX Warning: Reference `eq:ac-mrac-manipulator-controller-unknownparam' on page 96 undefined on input line 3468.


LaTeX Warning: Reference `eq:ac-mrac-manipulator-controller-unknownparam-lyapunov-derivative-2' on page 96 undefined on input line 3468.


LaTeX Warning: Reference `eq:ac-mrac-manipulator-controller-unknownparam-lyapunov-derivative' on page 96 undefined on input line 3470.


LaTeX Warning: Reference `thm:BarbalatStability' on page 96 undefined on input line 3480.


LaTeX Warning: Reference `eq:ac-mrac-manipulator-controller-unknownparam-lyapunov' on page 96 undefined on input line 3484.


LaTeX Warning: Reference `eq:ac-mrac-manipulator-controller-unknownparam' on page 96 undefined on input line 3484.


LaTeX Warning: Reference `eq:ac-mrac-manipulator-dynamics' on page 96 undefined on input line 3484.

[96] [97] [98

]
Chapter 8.

Package natbib Warning: Citation `saccon13tac-lie' on page 99 undefined on input line 3497.


Package natbib Warning: Citation `teng22cdc-lie' on page 99 undefined on input line 3497.

[99] [100

]
Appendix A.

LaTeX Warning: Reference `eq:app-stability-ct-linear-system' on page 101 undefined on input line 3525.


LaTeX Warning: Reference `eq:app-stability-ct-linear-system' on page 101 undefined on input line 3546.

[101]

LaTeX Warning: Reference `eq:app-stability-dt-linear-system' on page 102 undefined on input line 3584.

[102]

LaTeX Warning: Reference `eq:lyapunov-equation' on page 103 undefined on input line 3636.


LaTeX Warning: Reference `thm:lyapunovglobalstability' on page 103 undefined on input line 3648.


LaTeX Warning: Reference `eq:lyapunov-equation' on page 103 undefined on input line 3650.

[103]

LaTeX Warning: Reference `thm:lyapunovequation' on page 104 undefined on input line 3672.


LaTeX Warning: Reference `thm:lyapunovequation' on page 104 undefined on input line 3674.


LaTeX Warning: Reference `eq:lyapunov-equation' on page 104 undefined on input line 3674.

[104]

Package natbib Warning: Citation `chen1984book-linear' on page 105 undefined on input line 3738.


LaTeX Warning: Reference `eq:app-linear-system' on page 105 undefined on input line 3741.


LaTeX Warning: Reference `eq:app-linear-system' on page 105 undefined on input line 3745.


LaTeX Warning: Reference `eq:app-linear-system' on page 105 undefined on input line 3748.

[105]

LaTeX Warning: Reference `eq:adjugate-1' on page 106 undefined on input line 3797.


LaTeX Warning: Reference `eq:adjugate-2' on page 106 undefined on input line 3797.

[106]

LaTeX Warning: Reference `cor:cayham-1' on page 107 undefined on input line 3849.


Overfull \hbox (2.99213pt too wide) in paragraph at lines 3849--3850
[]\T1/lmr/m/n/10 (-20) Second prove LHS $\OMS/lmsy/m/n/10 ^^U$ \T1/lmr/m/n/10 (-20) RHS. For any $\OML/lmm/m/it/10 v \OMS/lmsy/m/n/10 2 \U/msb/m/n/10 C[]$ \T1/lmr/m/n/10 (-20) such that $\OML/lmm/m/it/10 v[] [] \OT1/lmr/m/n/10 (-20) =
 []

[107] [108]

LaTeX Warning: Reference `cor:cayham-2' on page 109 undefined on input line 3927.


Overfull \hbox (17.79353pt too wide) detected at line 3976
\OML/lmm/m/it/10 I \OT1/lmr/m/n/10 = \OMS/lmsy/m/n/10 C[]C \OT1/lmr/m/n/10 = [] =[]\OMS/lmsy/m/n/10 ) []
 []

[109]

Package natbib Warning: Citation `chen1984book-linear' on page 110 undefined on input line 4032.


Package natbib Warning: Citation `zhou1996book-robust' on page 110 undefined on input line 4032.

[110]

LaTeX Warning: Reference `eq:app-lti-xy' on page 111 undefined on input line 4083.


LaTeX Warning: Reference `eq:app-lti-xy' on page 111 undefined on input line 4097.

[111]

LaTeX Warning: Reference `cor:cayham-1' on page 112 undefined on input line 4111.


LaTeX Warning: Reference `cor:cayham-3' on page 112 undefined on input line 4139.

[112]

LaTeX Warning: Reference `cor:cayham-3' on page 113 undefined on input line 4170.


Package natbib Warning: Citation `davison1968tac-poleassign' on page 113 undefined on input line 4227.


LaTeX Warning: Reference `cor:cayham-4' on page 113 undefined on input line 4227.

[113]
Overfull \hbox (47.65298pt too wide) detected at line 4254
[]
 []


LaTeX Warning: Reference `thm:lyapunovequation' on page 114 undefined on input line 4265.


LaTeX Warning: Reference `def:lticontrollable' on page 114 undefined on input line 4271.


LaTeX Warning: Reference `def:ltiobservable' on page 114 undefined on input line 4271.


Package natbib Warning: Citation `chen1984book-linear' on page 114 undefined on input line 4271.

[114]

LaTeX Warning: Reference `eq:app-lti-xy' on page 115 undefined on input line 4287.


LaTeX Warning: Reference `thm:lticontrollable' on page 115 undefined on input line 4309.


LaTeX Warning: Reference `thm:lti-dual-conobs' on page 115 undefined on input line 4331.

[115]

Package natbib Warning: Citation `chen1984book-linear' on page 116 undefined on input line 4336.


Package natbib Warning: Citation `zhou1996book-robust' on page 116 undefined on input line 4336.


LaTeX Warning: Reference `thm:lticontrollable' on page 116 undefined on input line 4382.


LaTeX Warning: Reference `thm:ltiobservable' on page 116 undefined on input line 4382.

[116]

LaTeX Warning: Reference `thm:lticontrollable' on page 117 undefined on input line 4400.


LaTeX Warning: Reference `thm:ltiobservable' on page 117 undefined on input line 4400.


Package natbib Warning: Citation `zhou1996book-robust' on page 117 undefined on input line 4424.

[117]
Underfull \hbox (badness 10000) in paragraph at lines 4456--4458

 []

[118]

LaTeX Warning: Reference `@' on page 119 undefined on input line 4514.


LaTeX Warning: Reference `cor:cayham-3' on page 119 undefined on input line 4516.


LaTeX Warning: Reference `thm:lticontrollable' on page 119 undefined on input line 4516.


Package natbib Warning: Citation `zhou1996book-robust' on page 119 undefined on input line 4542.

[119] [120]
Appendix B.
[121

] [122] [123] [124] [125] [126]
Appendix C.
[127

] [128

]
Appendix D.
[129] [130

]
Appendix E.
No file optimal-control-estimation.bbl.

Package natbib Warning: There were undefined citations.

[131] (./optimal-control-estimation.aux)

LaTeX Warning: There were undefined references.


LaTeX Warning: Label(s) may have changed. Rerun to get cross-references right.

 ) 
Here is how much of TeX's memory you used:
 25180 strings out of 476025
 463218 string characters out of 5790018
 1878388 words of memory out of 5000000
 43884 multiletter control sequences out of 15000+600000
 642662 words of font info for 312 fonts, out of 8000000 for 9000
 1141 hyphenation exceptions out of 8191
 83i,29n,80p,1536b,657s stack positions out of 10000i,1000n,20000p,200000b,200000s
</usr/local/texlive/2023/texmf-dist/fonts/type1/public/amsfonts/euler/eufm10.pfb></usr/local/texlive/2023/texmf-dist/fonts/type1/public/amsfonts/euler/eufm7.pfb></usr/local/texlive/2023/texmf-dist/fonts/type1/public/lm/lmbx10.pfb></usr/local/texlive/2023/texmf-dist/fonts/type1/public/lm/lmbx12.pfb></usr/local/texlive/2023/texmf-dist/fonts/type1/public/lm/lmbx8.pfb></usr/local/texlive/2023/texmf-dist/fonts/type1/public/lm/lmbxi10.pfb></usr/local/texlive/2023/texmf-dist/fonts/type1/public/lm/lmex10.pfb></usr/local/texlive/2023/texmf-dist/fonts/type1/public/lm/lmmi10.pfb></usr/local/texlive/2023/texmf-dist/fonts/type1/public/lm/lmmi5.pfb></usr/local/texlive/2023/texmf-dist/fonts/type1/public/lm/lmmi6.pfb></usr/local/texlive/2023/texmf-dist/fonts/type1/public/lm/lmmi7.pfb></usr/local/texlive/2023/texmf-dist/fonts/type1/public/lm/lmmi8.pfb></usr/local/texlive/2023/texmf-dist/fonts/type1/public/lm/lmr10.pfb></usr/local/texlive/2023/texmf-dist/fonts/type1/public/lm/lmr12.pfb></usr/local/texlive/2023/texmf-dist/fonts/type1/public/lm/lmr17.pfb></usr/local/texlive/2023/texmf-dist/fonts/type1/public/lm/lmr5.pfb></usr/local/texlive/2023/texmf-dist/fonts/type1/public/lm/lmr6.pfb></usr/local/texlive/2023/texmf-dist/fonts/type1/public/lm/lmr7.pfb></usr/local/texlive/2023/texmf-dist/fonts/type1/public/lm/lmr8.pfb></usr/local/texlive/2023/texmf-dist/fonts/type1/public/lm/lmri10.pfb></usr/local/texlive/2023/texmf-dist/fonts/type1/public/lm/lmro10.pfb></usr/local/texlive/2023/texmf-dist/fonts/type1/public/lm/lmsy10.pfb></usr/l